2024-12-24 17:23:07 [ERROR] Simulation executable not found at build\main.exe. Please check the path.
2024-12-24 17:23:54 [INFO] Executing simulation for rho=0.2, T=2.4 with command: build\main.exe 300 0.2 0.008 8000 rdfData\trajectory_rho_0.2_T_2.4.dat rdfData\radialDistribution_rho_0.2_T_2.4.dat RDFSpeedVerlet 2.4 0.6 3
2024-12-24 17:23:54 [INFO] Executing simulation for rho=0.2, T=2.6 with command: build\main.exe 300 0.2 0.008 8000 rdfData\trajectory_rho_0.2_T_2.6.dat rdfData\radialDistribution_rho_0.2_T_2.6.dat RDFSpeedVerlet 2.6 0.6 3
2024-12-24 17:23:55 [INFO] Executing simulation for rho=0.2, T=2.8 with command: build\main.exe 300 0.2 0.008 8000 rdfData\trajectory_rho_0.2_T_2.8.dat rdfData\radialDistribution_rho_0.2_T_2.8.dat RDFSpeedVerlet 2.8 0.6 3
2024-12-24 17:23:55 [INFO] Executing simulation for rho=0.2, T=3.0 with command: build\main.exe 300 0.2 0.008 8000 rdfData\trajectory_rho_0.2_T_3.0.dat rdfData\radialDistribution_rho_0.2_T_3.0.dat RDFSpeedVerlet 3.0 0.6 3
2024-12-24 17:23:55 [INFO] Executing simulation for rho=0.2, T=4.0 with command: build\main.exe 300 0.2 0.008 8000 rdfData\trajectory_rho_0.2_T_4.0.dat rdfData\radialDistribution_rho_0.2_T_4.0.dat RDFSpeedVerlet 4.0 0.6 3
2024-12-24 17:23:55 [INFO] Executing simulation for rho=0.2, T=5.0 with command: build\main.exe 300 0.2 0.008 8000 rdfData\trajectory_rho_0.2_T_5.0.dat rdfData\radialDistribution_rho_0.2_T_5.0.dat RDFSpeedVerlet 5.0 0.6 3
2024-12-24 17:23:55 [INFO] Executing simulation for rho=0.2, T=8.0 with command: build\main.exe 300 0.2 0.008 8000 rdfData\trajectory_rho_0.2_T_8.0.dat rdfData\radialDistribution_rho_0.2_T_8.0.dat RDFSpeedVerlet 8.0 0.6 3
2024-12-24 17:23:55 [INFO] Executing simulation for rho=0.2, T=1.0 with command: build\main.exe 300 0.2 0.008 8000 rdfData\trajectory_rho_0.2_T_1.0.dat rdfData\radialDistribution_rho_0.2_T_1.0.dat RDFSpeedVerlet 1.0 0.6 3
2024-12-24 17:23:55 [INFO] Executing simulation for rho=0.3, T=2.2 with command: build\main.exe 300 0.3 0.008 8000 rdfData\trajectory_rho_0.3_T_2.2.dat rdfData\radialDistribution_rho_0.3_T_2.2.dat RDFSpeedVerlet 2.2 0.6 3
2024-12-24 17:23:55 [INFO] Executing simulation for rho=0.3, T=2.4 with command: build\main.exe 300 0.3 0.008 8000 rdfData\trajectory_rho_0.3_T_2.4.dat rdfData\radialDistribution_rho_0.3_T_2.4.dat RDFSpeedVerlet 2.4 0.6 3
2024-12-24 17:23:55 [INFO] Executing simulation for rho=0.3, T=2.6 with command: build\main.exe 300 0.3 0.008 8000 rdfData\trajectory_rho_0.3_T_2.6.dat rdfData\radialDistribution_rho_0.3_T_2.6.dat RDFSpeedVerlet 2.6 0.6 3
2024-12-24 17:24:50 [INFO] Simulation completed for rho=0.2, T=1.0.
2024-12-24 17:24:51 [INFO] Simulation completed for rho=0.2, T=2.2.
2024-12-24 17:24:52 [INFO] Simulation completed for rho=0.2, T=8.0.
2024-12-24 17:24:52 [INFO] Simulation completed for rho=0.2, T=3.0.
2024-12-24 17:24:52 [INFO] Simulation completed for rho=0.2, T=2.6.
2024-12-24 17:24:52 [INFO] Simulation completed for rho=0.2, T=5.0.
2024-12-24 17:24:52 [INFO] Simulation completed for rho=0.2, T=2.8.
2024-12-24 17:24:53 [INFO] Simulation completed for rho=0.2, T=2.4.
2024-12-24 17:24:53 [INFO] Simulation completed for rho=0.2, T=4.0.
2024-12-24 17:24:53 [INFO] Simulation completed for rho=0.3, T=2.2.
2024-12-24 17:24:55 [INFO] Simulation completed for rho=0.3, T=2.6.
2024-12-24 17:24:55 [INFO] Simulation completed for rho=0.3, T=2.4.
2024-12-24 17:25:06 [INFO] Saved averaged RDF data to rdfData\rdf_rho_0.2_T_1.0.dat
2024-12-24 17:25:06 [INFO] Executing simulation for rho=0.3, T=2.8 with command: build\main.exe 300 0.3 0.008 8000 rdfData\trajectory_rho_0.3_T_2.8.dat rdfData\radialDistribution_rho_0.3_T_2.8.dat RDFSpeedVerlet 2.8 0.6 3
2024-12-24 17:25:08 [INFO] Saved averaged RDF data to rdfData\rdf_rho_0.2_T_2.2.dat
2024-12-24 17:25:08 [INFO] Executing simulation for rho=0.3, T=3.0 with command: build\main.exe 300 0.3 0.008 8000 rdfData\trajectory_rho_0.3_T_3.0.dat rdfData\radialDistribution_rho_0.3_T_3.0.dat RDFSpeedVerlet 3.0 0.6 3
2024-12-24 17:25:09 [INFO] Saved averaged RDF data to rdfData\rdf_rho_0.2_T_3.0.dat
2024-12-24 17:25:09 [INFO] Executing simulation for rho=0.3, T=4.0 with command: build\main.exe 300 0.3 0.008 8000 rdfData\trajectory_rho_0.3_T_4.0.dat rdfData\radialDistribution_rho_0.3_T_4.0.dat RDFSpeedVerlet 4.0 0.6 3
2024-12-24 17:25:09 [INFO] Saved averaged RDF data to rdfData\rdf_rho_0.2_T_8.0.dat
2024-12-24 17:25:09 [INFO] Executing simulation for rho=0.3, T=5.0 with command: build\main.exe 300 0.3 0.008 8000 rdfData\trajectory_rho_0.3_T_5.0.dat rdfData\radialDistribution_rho_0.3_T_5.0.dat RDFSpeedVerlet 5.0 0.6 3
2024-12-24 17:25:09 [INFO] Saved averaged RDF data to rdfData\rdf_rho_0.2_T_5.0.dat
2024-12-24 17:25:09 [INFO] Executing simulation for rho=0.3, T=8.0 with command: build\main.exe 300 0.3 0.008 8000 rdfData\trajectory_rho_0.3_T_8.0.dat rdfData\radialDistribution_rho_0.3_T_8.0.dat RDFSpeedVerlet 8.0 0.6 3
2024-12-24 17:25:09 [INFO] Saved averaged RDF data to rdfData\rdf_rho_0.2_T_2.6.dat
2024-12-24 17:25:09 [INFO] Executing simulation for rho=0.3, T=1.0 with command: build\main.exe 300 0.3 0.008 8000 rdfData\trajectory_rho_0.3_T_1.0.dat rdfData\radialDistribution_rho_0.3_T_1.0.dat RDFSpeedVerlet 1.0 0.6 3
2024-12-24 17:25:09 [INFO] Saved averaged RDF data to rdfData\rdf_rho_0.2_T_2.8.dat
2024-12-24 17:25:09 [INFO] Executing simulation for rho=0.4, T=2.2 with command: build\main.exe 300 0.4 0.008 8000 rdfData\trajectory_rho_0.4_T_2.2.dat rdfData\radialDistribution_rho_0.4_T_2.2.dat RDFSpeedVerlet 2.2 0.6 3
2024-12-24 17:25:10 [INFO] Saved averaged RDF data to rdfData\rdf_rho_0.2_T_2.4.dat
2024-12-24 17:25:10 [INFO] Executing simulation for rho=0.4, T=2.4 with command: build\main.exe 300 0.4 0.008 8000 rdfData\trajectory_rho_0.4_T_2.4.dat rdfData\radialDistribution_rho_0.4_T_2.4.dat RDFSpeedVerlet 2.4 0.6 3
2024-12-24 17:25:10 [INFO] Saved averaged RDF data to rdfData\rdf_rho_0.2_T_4.0.dat
2024-12-24 17:25:10 [INFO] Executing simulation for rho=0.4, T=2.6 with command: build\main.exe 300 0.4 0.008 8000 rdfData\trajectory_rho_0.4_T_2.6.dat rdfData\radialDistribution_rho_0.4_T_2.6.dat RDFSpeedVerlet 2.6 0.6 3
2024-12-24 17:25:10 [INFO] Saved averaged RDF data to rdfData\rdf_rho_0.3_T_2.2.dat
2024-12-24 17:25:10 [INFO] Executing simulation for rho=0.4, T=2.8 with command: build\main.exe 300 0.4 0.008 8000 rdfData\trajectory_rho_0.4_T_2.8.dat rdfData\radialDistribution_rho_0.4_T_2.8.dat RDFSpeedVerlet 2.8 0.6 3
2024-12-24 17:25:11 [INFO] Saved averaged RDF data to rdfData\rdf_rho_0.3_T_2.6.dat
2024-12-24 17:25:11 [INFO] Executing simulation for rho=0.4, T=3.0 with command: build\main.exe 300 0.4 0.008 8000 rdfData\trajectory_rho_0.4_T_3.0.dat rdfData\radialDistribution_rho_0.4_T_3.0.dat RDFSpeedVerlet 3.0 0.6 3
2024-12-24 17:25:12 [INFO] Saved averaged RDF data to rdfData\rdf_rho_0.3_T_2.4.dat
2024-12-24 17:25:12 [INFO] Executing simulation for rho=0.4, T=4.0 with command: build\main.exe 300 0.4 0.008 8000 rdfData\trajectory_rho_0.4_T_4.0.dat rdfData\radialDistribution_rho_0.4_T_4.0.dat RDFSpeedVerlet 4.0 0.6 3
2024-12-24 17:25:20 [ERROR] Simulation failed for rho=0.4, T=4.0. Error message:

2024-12-24 17:25:20 [ERROR] Simulation failed for rho=0.4, T=3.0. Error message:

2024-12-24 17:25:20 [ERROR] Simulation failed for rho=0.4, T=2.6. Error message:

2024-12-24 17:25:20 [ERROR] Simulation failed for rho=0.4, T=2.4. Error message:

2024-12-24 17:25:20 [ERROR] Simulation failed for rho=0.4, T=2.8. Error message:

2024-12-24 17:25:20 [ERROR] Simulation failed for rho=0.4, T=2.2. Error message:

2024-12-24 17:25:20 [ERROR] Simulation failed for rho=0.3, T=3.0. Error message:

2024-12-24 17:25:20 [ERROR] Simulation failed for rho=0.3, T=1.0. Error message:

2024-12-24 17:25:20 [INFO] Executing simulation for rho=0.4, T=8.0 with command: build\main.exe 300 0.4 0.008 8000 rdfData\trajectory_rho_0.4_T_8.0.dat rdfData\radialDistribution_rho_0.4_T_8.0.dat RDFSpeedVerlet 8.0 0.6 3
2024-12-24 17:25:20 [INFO] Executing simulation for rho=0.4, T=1.0 with command: build\main.exe 300 0.4 0.008 8000 rdfData\trajectory_rho_0.4_T_1.0.dat rdfData\radialDistribution_rho_0.4_T_1.0.dat RDFSpeedVerlet 1.0 0.6 3
2024-12-24 17:25:20 [INFO] Executing simulation for rho=0.4, T=5.0 with command: build\main.exe 300 0.4 0.008 8000 rdfData\trajectory_rho_0.4_T_5.0.dat rdfData\radialDistribution_rho_0.4_T_5.0.dat RDFSpeedVerlet 5.0 0.6 3
2024-12-24 17:25:20 [INFO] Executing simulation for rho=0.5, T=2.2 with command: build\main.exe 300 0.5 0.008 8000 rdfData\trajectory_rho_0.5_T_2.2.dat rdfData\radialDistribution_rho_0.5_T_2.2.dat RDFSpeedVerlet 2.2 0.6 3
2024-12-24 17:25:20 [INFO] Executing simulation for rho=0.5, T=2.4 with command: build\main.exe 300 0.5 0.008 8000 rdfData\trajectory_rho_0.5_T_2.4.dat rdfData\radialDistribution_rho_0.5_T_2.4.dat RDFSpeedVerlet 2.4 0.6 3
2024-12-24 17:25:20 [INFO] Executing simulation for rho=0.5, T=2.6 with command: build\main.exe 300 0.5 0.008 8000 rdfData\trajectory_rho_0.5_T_2.6.dat rdfData\radialDistribution_rho_0.5_T_2.6.dat RDFSpeedVerlet 2.6 0.6 3
2024-12-24 17:25:20 [INFO] Executing simulation for rho=0.5, T=2.8 with command: build\main.exe 300 0.5 0.008 8000 rdfData\trajectory_rho_0.5_T_2.8.dat rdfData\radialDistribution_rho_0.5_T_2.8.dat RDFSpeedVerlet 2.8 0.6 3
2024-12-24 17:25:20 [INFO] Executing simulation for rho=0.5, T=3.0 with command: build\main.exe 300 0.5 0.008 8000 rdfData\trajectory_rho_0.5_T_3.0.dat rdfData\radialDistribution_rho_0.5_T_3.0.dat RDFSpeedVerlet 3.0 0.6 3
2024-12-24 17:25:20 [INFO] Executing simulation for rho=0.5, T=4.0 with command: build\main.exe 300 0.5 0.008 8000 rdfData\trajectory_rho_0.5_T_4.0.dat rdfData\radialDistribution_rho_0.5_T_4.0.dat RDFSpeedVerlet 4.0 0.6 3
2024-12-24 17:25:20 [INFO] Executing simulation for rho=0.5, T=5.0 with command: build\main.exe 300 0.5 0.008 8000 rdfData\trajectory_rho_0.5_T_5.0.dat rdfData\radialDistribution_rho_0.5_T_5.0.dat RDFSpeedVerlet 5.0 0.6 3
2024-12-24 17:25:20 [INFO] Executing simulation for rho=0.5, T=8.0 with command: build\main.exe 300 0.5 0.008 8000 rdfData\trajectory_rho_0.5_T_8.0.dat rdfData\radialDistribution_rho_0.5_T_8.0.dat RDFSpeedVerlet 8.0 0.6 3
2024-12-24 17:25:20 [INFO] Executing simulation for rho=0.5, T=1.0 with command: build\main.exe 300 0.5 0.008 8000 rdfData\trajectory_rho_0.5_T_1.0.dat rdfData\radialDistribution_rho_0.5_T_1.0.dat RDFSpeedVerlet 1.0 0.6 3
2024-12-24 17:25:20 [INFO] Executing simulation for rho=0.6, T=2.2 with command: build\main.exe 300 0.6 0.008 8000 rdfData\trajectory_rho_0.6_T_2.2.dat rdfData\radialDistribution_rho_0.6_T_2.2.dat RDFSpeedVerlet 2.2 0.6 3
2024-12-24 17:25:20 [INFO] Executing simulation for rho=0.6, T=2.4 with command: build\main.exe 300 0.6 0.008 8000 rdfData\trajectory_rho_0.6_T_2.4.dat rdfData\radialDistribution_rho_0.6_T_2.4.dat RDFSpeedVerlet 2.4 0.6 3
2024-12-24 17:25:20 [INFO] Executing simulation for rho=0.6, T=2.6 with command: build\main.exe 300 0.6 0.008 8000 rdfData\trajectory_rho_0.6_T_2.6.dat rdfData\radialDistribution_rho_0.6_T_2.6.dat RDFSpeedVerlet 2.6 0.6 3
2024-12-24 17:25:20 [INFO] Executing simulation for rho=0.6, T=2.8 with command: build\main.exe 300 0.6 0.008 8000 rdfData\trajectory_rho_0.6_T_2.8.dat rdfData\radialDistribution_rho_0.6_T_2.8.dat RDFSpeedVerlet 2.8 0.6 3
2024-12-24 17:25:20 [INFO] Executing simulation for rho=0.6, T=3.0 with command: build\main.exe 300 0.6 0.008 8000 rdfData\trajectory_rho_0.6_T_3.0.dat rdfData\radialDistribution_rho_0.6_T_3.0.dat RDFSpeedVerlet 3.0 0.6 3
2024-12-24 17:25:20 [INFO] Executing simulation for rho=0.6, T=4.0 with command: build\main.exe 300 0.6 0.008 8000 rdfData\trajectory_rho_0.6_T_4.0.dat rdfData\radialDistribution_rho_0.6_T_4.0.dat RDFSpeedVerlet 4.0 0.6 3
2024-12-24 17:25:20 [INFO] Executing simulation for rho=0.6, T=5.0 with command: build\main.exe 300 0.6 0.008 8000 rdfData\trajectory_rho_0.6_T_5.0.dat rdfData\radialDistribution_rho_0.6_T_5.0.dat RDFSpeedVerlet 5.0 0.6 3
2024-12-24 17:25:20 [INFO] Executing simulation for rho=0.6, T=8.0 with command: build\main.exe 300 0.6 0.008 8000 rdfData\trajectory_rho_0.6_T_8.0.dat rdfData\radialDistribution_rho_0.6_T_8.0.dat RDFSpeedVerlet 8.0 0.6 3
2024-12-24 17:25:20 [INFO] Executing simulation for rho=0.6, T=1.0 with command: build\main.exe 300 0.6 0.008 8000 rdfData\trajectory_rho_0.6_T_1.0.dat rdfData\radialDistribution_rho_0.6_T_1.0.dat RDFSpeedVerlet 1.0 0.6 3
2024-12-24 17:25:20 [INFO] Executing simulation for rho=0.7, T=2.2 with command: build\main.exe 300 0.7 0.008 8000 rdfData\trajectory_rho_0.7_T_2.2.dat rdfData\radialDistribution_rho_0.7_T_2.2.dat RDFSpeedVerlet 2.2 0.6 3
2024-12-24 17:25:20 [INFO] Executing simulation for rho=0.7, T=2.4 with command: build\main.exe 300 0.7 0.008 8000 rdfData\trajectory_rho_0.7_T_2.4.dat rdfData\radialDistribution_rho_0.7_T_2.4.dat RDFSpeedVerlet 2.4 0.6 3
2024-12-24 17:25:20 [INFO] Executing simulation for rho=0.7, T=2.6 with command: build\main.exe 300 0.7 0.008 8000 rdfData\trajectory_rho_0.7_T_2.6.dat rdfData\radialDistribution_rho_0.7_T_2.6.dat RDFSpeedVerlet 2.6 0.6 3
2024-12-24 17:25:20 [INFO] Executing simulation for rho=0.7, T=2.8 with command: build\main.exe 300 0.7 0.008 8000 rdfData\trajectory_rho_0.7_T_2.8.dat rdfData\radialDistribution_rho_0.7_T_2.8.dat RDFSpeedVerlet 2.8 0.6 3
2024-12-24 17:25:20 [INFO] Executing simulation for rho=0.7, T=3.0 with command: build\main.exe 300 0.7 0.008 8000 rdfData\trajectory_rho_0.7_T_3.0.dat rdfData\radialDistribution_rho_0.7_T_3.0.dat RDFSpeedVerlet 3.0 0.6 3
2024-12-24 17:25:20 [INFO] Executing simulation for rho=0.7, T=4.0 with command: build\main.exe 300 0.7 0.008 8000 rdfData\trajectory_rho_0.7_T_4.0.dat rdfData\radialDistribution_rho_0.7_T_4.0.dat RDFSpeedVerlet 4.0 0.6 3
2024-12-24 17:25:20 [INFO] Executing simulation for rho=0.7, T=5.0 with command: build\main.exe 300 0.7 0.008 8000 rdfData\trajectory_rho_0.7_T_5.0.dat rdfData\radialDistribution_rho_0.7_T_5.0.dat RDFSpeedVerlet 5.0 0.6 3
2024-12-24 17:25:20 [INFO] Executing simulation for rho=0.7, T=8.0 with command: build\main.exe 300 0.7 0.008 8000 rdfData\trajectory_rho_0.7_T_8.0.dat rdfData\radialDistribution_rho_0.7_T_8.0.dat RDFSpeedVerlet 8.0 0.6 3
2024-12-24 17:25:20 [INFO] Executing simulation for rho=0.7, T=1.0 with command: build\main.exe 300 0.7 0.008 8000 rdfData\trajectory_rho_0.7_T_1.0.dat rdfData\radialDistribution_rho_0.7_T_1.0.dat RDFSpeedVerlet 1.0 0.6 3
2024-12-24 17:25:20 [INFO] Executing simulation for rho=0.8, T=2.2 with command: build\main.exe 300 0.8 0.008 8000 rdfData\trajectory_rho_0.8_T_2.2.dat rdfData\radialDistribution_rho_0.8_T_2.2.dat RDFSpeedVerlet 2.2 0.6 3
2024-12-24 17:25:20 [INFO] Executing simulation for rho=0.8, T=2.4 with command: build\main.exe 300 0.8 0.008 8000 rdfData\trajectory_rho_0.8_T_2.4.dat rdfData\radialDistribution_rho_0.8_T_2.4.dat RDFSpeedVerlet 2.4 0.6 3
2024-12-24 17:25:20 [INFO] Executing simulation for rho=0.8, T=2.6 with command: build\main.exe 300 0.8 0.008 8000 rdfData\trajectory_rho_0.8_T_2.6.dat rdfData\radialDistribution_rho_0.8_T_2.6.dat RDFSpeedVerlet 2.6 0.6 3
2024-12-24 17:25:20 [INFO] Executing simulation for rho=0.8, T=2.8 with command: build\main.exe 300 0.8 0.008 8000 rdfData\trajectory_rho_0.8_T_2.8.dat rdfData\radialDistribution_rho_0.8_T_2.8.dat RDFSpeedVerlet 2.8 0.6 3
2024-12-24 17:25:20 [INFO] Executing simulation for rho=0.8, T=3.0 with command: build\main.exe 300 0.8 0.008 8000 rdfData\trajectory_rho_0.8_T_3.0.dat rdfData\radialDistribution_rho_0.8_T_3.0.dat RDFSpeedVerlet 3.0 0.6 3
2024-12-24 17:25:20 [INFO] Executing simulation for rho=0.8, T=4.0 with command: build\main.exe 300 0.8 0.008 8000 rdfData\trajectory_rho_0.8_T_4.0.dat rdfData\radialDistribution_rho_0.8_T_4.0.dat RDFSpeedVerlet 4.0 0.6 3
2024-12-24 17:25:21 [ERROR] Simulation failed for rho=0.8, T=3.0. Error message:

2024-12-24 17:25:21 [INFO] Executing simulation for rho=0.8, T=5.0 with command: build\main.exe 300 0.8 0.008 8000 rdfData\trajectory_rho_0.8_T_5.0.dat rdfData\radialDistribution_rho_0.8_T_5.0.dat RDFSpeedVerlet 5.0 0.6 3
2024-12-24 17:25:21 [INFO] Executing simulation for rho=0.8, T=8.0 with command: build\main.exe 300 0.8 0.008 8000 rdfData\trajectory_rho_0.8_T_8.0.dat rdfData\radialDistribution_rho_0.8_T_8.0.dat RDFSpeedVerlet 8.0 0.6 3
2024-12-24 17:25:21 [INFO] Executing simulation for rho=0.8, T=1.0 with command: build\main.exe 300 0.8 0.008 8000 rdfData\trajectory_rho_0.8_T_1.0.dat rdfData\radialDistribution_rho_0.8_T_1.0.dat RDFSpeedVerlet 1.0 0.6 3
2024-12-24 17:25:21 [INFO] Executing simulation for rho=0.9, T=2.2 with command: build\main.exe 300 0.9 0.008 8000 rdfData\trajectory_rho_0.9_T_2.2.dat rdfData\radialDistribution_rho_0.9_T_2.2.dat RDFSpeedVerlet 2.2 0.6 3
2024-12-24 17:25:21 [INFO] Executing simulation for rho=0.9, T=2.4 with command: build\main.exe 300 0.9 0.008 8000 rdfData\trajectory_rho_0.9_T_2.4.dat rdfData\radialDistribution_rho_0.9_T_2.4.dat RDFSpeedVerlet 2.4 0.6 3
2024-12-24 17:25:21 [INFO] Executing simulation for rho=0.9, T=2.6 with command: build\main.exe 300 0.9 0.008 8000 rdfData\trajectory_rho_0.9_T_2.6.dat rdfData\radialDistribution_rho_0.9_T_2.6.dat RDFSpeedVerlet 2.6 0.6 3
2024-12-24 17:25:21 [INFO] Executing simulation for rho=0.9, T=2.8 with command: build\main.exe 300 0.9 0.008 8000 rdfData\trajectory_rho_0.9_T_2.8.dat rdfData\radialDistribution_rho_0.9_T_2.8.dat RDFSpeedVerlet 2.8 0.6 3
2024-12-24 17:25:21 [INFO] Executing simulation for rho=0.9, T=3.0 with command: build\main.exe 300 0.9 0.008 8000 rdfData\trajectory_rho_0.9_T_3.0.dat rdfData\radialDistribution_rho_0.9_T_3.0.dat RDFSpeedVerlet 3.0 0.6 3
2024-12-24 17:25:21 [INFO] Executing simulation for rho=0.9, T=4.0 with command: build\main.exe 300 0.9 0.008 8000 rdfData\trajectory_rho_0.9_T_4.0.dat rdfData\radialDistribution_rho_0.9_T_4.0.dat RDFSpeedVerlet 4.0 0.6 3
2024-12-24 17:25:21 [INFO] Executing simulation for rho=0.9, T=5.0 with command: build\main.exe 300 0.9 0.008 8000 rdfData\trajectory_rho_0.9_T_5.0.dat rdfData\radialDistribution_rho_0.9_T_5.0.dat RDFSpeedVerlet 5.0 0.6 3
2024-12-24 17:25:21 [INFO] Executing simulation for rho=0.9, T=8.0 with command: build\main.exe 300 0.9 0.008 8000 rdfData\trajectory_rho_0.9_T_8.0.dat rdfData\radialDistribution_rho_0.9_T_8.0.dat RDFSpeedVerlet 8.0 0.6 3
2024-12-24 17:25:21 [INFO] Executing simulation for rho=0.9, T=1.0 with command: build\main.exe 300 0.9 0.008 8000 rdfData\trajectory_rho_0.9_T_1.0.dat rdfData\radialDistribution_rho_0.9_T_1.0.dat RDFSpeedVerlet 1.0 0.6 3
2024-12-24 17:28:41 [INFO] Executing simulation for rho=0.2, T=2.2 with command: build\main.exe 300 0.2 0.008 8000 rdfData\trajectory_rho_0.2_T_2.2.dat rdfData\radialDistribution_rho_0.2_T_2.2.dat RDFSpeedVerlet 2.2 0.6 3
2024-12-24 17:28:41 [INFO] Executing simulation for rho=0.2, T=2.4 with command: build\main.exe 300 0.2 0.008 8000 rdfData\trajectory_rho_0.2_T_2.4.dat rdfData\radialDistribution_rho_0.2_T_2.4.dat RDFSpeedVerlet 2.4 0.6 3
2024-12-24 17:28:41 [INFO] Executing simulation for rho=0.2, T=2.6 with command: build\main.exe 300 0.2 0.008 8000 rdfData\trajectory_rho_0.2_T_2.6.dat rdfData\radialDistribution_rho_0.2_T_2.6.dat RDFSpeedVerlet 2.6 0.6 3
2024-12-24 17:28:54 [INFO] Executing simulation for rho=0.2, T=2.8 with command: build\main.exe 300 0.2 0.008 8000 rdfData\trajectory_rho_0.2_T_2.8.dat rdfData\radialDistribution_rho_0.2_T_2.8.dat RDFSpeedVerlet 2.8 0.6 3
2024-12-24 17:28:54 [INFO] Executing simulation for rho=0.2, T=3.0 with command: build\main.exe 300 0.2 0.008 8000 rdfData\trajectory_rho_0.2_T_3.0.dat rdfData\radialDistribution_rho_0.2_T_3.0.dat RDFSpeedVerlet 3.0 0.6 3
2024-12-24 17:28:54 [INFO] Executing simulation for rho=0.2, T=4.0 with command: build\main.exe 300 0.2 0.008 8000 rdfData\trajectory_rho_0.2_T_4.0.dat rdfData\radialDistribution_rho_0.2_T_4.0.dat RDFSpeedVerlet 4.0 0.6 3
2024-12-24 17:28:58 [INFO] Executing simulation for rho=0.2, T=8.0 with command: build\main.exe 300 0.2 0.008 8000 rdfData\trajectory_rho_0.2_T_8.0.dat rdfData\radialDistribution_rho_0.2_T_8.0.dat RDFSpeedVerlet 8.0 0.6 3
2024-12-24 17:28:58 [INFO] Executing simulation for rho=0.2, T=1.0 with command: build\main.exe 300 0.2 0.008 8000 rdfData\trajectory_rho_0.2_T_1.0.dat rdfData\radialDistribution_rho_0.2_T_1.0.dat RDFSpeedVerlet 1.0 0.6 3
2024-12-24 17:28:58 [INFO] Executing simulation for rho=0.3, T=2.4 with command: build\main.exe 300 0.3 0.008 8000 rdfData\trajectory_rho_0.3_T_2.4.dat rdfData\radialDistribution_rho_0.3_T_2.6.dat RDFSpeedVerlet 2.6 0.6 3
2024-12-24 17:28:58 [INFO] Executing simulation for rho=0.3, T=2.8 with command: build\main.exe 300 0.3 0.008 8000 rdfData\trajectory_rho_0.3_T_2.8.dat rdfData\radialDistribution_rho_0.3_T_2.8.dat RDFSpeedVerlet 2.8 0.6 3
2024-12-24 17:28:58 [INFO] Executing simulation for rho=0.3, T=3.0 with command: build\main.exe 300 0.3 0.008 8000 rdfData\trajectory_rho_0.3_T_3.0.dat rdfData\radialDistribution_rho_0.3_T_3.0.dat RDFSpeedVerlet 3.0 0.6 3
2024-12-24 17:28:58 [INFO] Executing simulation for rho=0.3, T=4.0 with command: build\main.exe 300 0.3 0.008 8000 rdfData\trajectory_rho_0.3_T_4.0.dat rdfData\radialDistribution_rho_0.3_T_4.0.dat RDFSpeedVerlet 4.0 0.6 3
2024-12-24 17:28:58 [INFO] Executing simulation for rho=0.3, T=5.0 with command: build\main.exe 300 0.3 0.008 8000 rdfData\trajectory_rho_0.3_T_5.0.dat rdfData\radialDistribution_rho_0.3_T_5.0.dat RDFSpeedVerlet 5.0 0.6 3
2024-12-24 17:28:58 [INFO] Executing simulation for rho=0.3, T=8.0 with command: build\main.exe 300 0.3 0.008 8000 rdfData\trajectory_rho_0.3_T_8.0.dat rdfData\radialDistribution_rho_0.3_T_8.0.dat RDFSpeedVerlet 8.0 0.6 3
2024-12-24 17:28:58 [INFO] Executing simulation for rho=0.3, T=1.0 with command: build\main.exe 300 0.3 0.008 8000 rdfData\trajectory_rho_0.3_T_1.0.dat rdfData\radialDistribution_rho_0.3_T_1.0.dat RDFSpeedVerlet 1.0 0.6 3
2024-12-24 17:28:59 [INFO] Executing simulation for rho=0.4, T=2.2 with command: build\main.exe 300 0.4 0.008 8000 rdfData\trajectory_rho_0.4_T_2.2.dat rdfData\radialDistribution_rho_0.4_T_2.2.dat RDFSpeedVerlet 2.2 0.6 3
2024-12-24 17:28:59 [INFO] Executing simulation for rho=0.4, T=2.4 with command: build\main.exe 300 0.4 0.008 8000 rdfData\trajectory_rho_0.4_T_2.4.dat rdfData\radialDistribution_rho_0.4_T_2.4.dat RDFSpeedVerlet 2.4 0.6 3
2024-12-24 17:28:59 [INFO] Executing simulation for rho=0.4, T=2.6 with command: build\main.exe 300 0.4 0.008 8000 rdfData\trajectory_rho_0.4_T_2.6.dat rdfData\radialDistribution_rho_0.4_T_2.6.dat RDFSpeedVerlet 2.6 0.6 3
2024-12-24 17:28:59 [INFO] Executing simulation for rho=0.4, T=2.8 with command: build\main.exe 300 0.4 0.008 8000 rdfData\trajectory_rho_0.4_T_2.8.dat rdfData\radialDistribution_rho_0.4_T_2.8.dat RDFSpeedVerlet 2.8 0.6 3
2024-12-24 17:28:59 [INFO] Executing simulation for rho=0.4, T=3.0 with command: build\main.exe 300 0.4 0.008 8000 rdfData\trajectory_rho_0.4_T_3.0.dat rdfData\radialDistribution_rho_0.4_T_3.0.dat RDFSpeedVerlet 3.0 0.6 3
2024-12-24 17:28:59 [INFO] Executing simulation for rho=0.4, T=4.0 with command: build\main.exe 300 0.4 0.008 8000 rdfData\trajectory_rho_0.4_T_4.0.dat rdfData\radialDistribution_rho_0.4_T_4.0.dat RDFSpeedVerlet 4.0 0.6 3
2024-12-24 17:28:59 [INFO] Executing simulation for rho=0.4, T=5.0 with command: build\main.exe 300 0.4 0.008 8000 rdfData\trajectory_rho_0.4_T_5.0.dat rdfData\radialDistribution_rho_0.4_T_5.0.dat RDFSpeedVerlet 5.0 0.6 3
2024-12-24 17:28:59 [INFO] Executing simulation for rho=0.4, T=8.0 with command: build\main.exe 300 0.4 0.008 8000 rdfData\trajectory_rho_0.4_T_8.0.dat rdfData\radialDistribution_rho_0.4_T_8.0.dat RDFSpeedVerlet 8.0 0.6 3
2024-12-24 17:28:59 [INFO] Executing simulation for rho=0.4, T=1.0 with command: build\main.exe 300 0.4 0.008 8000 rdfData\trajectory_rho_0.4_T_1.0.dat rdfData\radialDistribution_rho_0.4_T_1.0.dat RDFSpeedVerlet 1.0 0.6 3
2024-12-24 17:28:59 [INFO] Executing simulation for rho=0.5, T=2.2 with command: build\main.exe 300 0.5 0.008 8000 rdfData\trajectory_rho_0.5_T_2.2.dat rdfData\radialDistribution_rho_0.5_T_2.2.dat RDFSpeedVerlet 2.2 0.6 3
2024-12-24 17:28:59 [INFO] Executing simulation for rho=0.5, T=2.6 with command: build\main.exe 300 0.5 0.008 8000 rdfData\trajectory_rho_0.5_T_2.6.dat rdfData\radialDistribution_rho_0.5_T_2.6.dat RDFSpeedVerlet 2.6 0.6 3
2024-12-24 17:28:59 [INFO] Executing simulation for rho=0.5, T=3.0 with command: build\main.exe 300 0.5 0.008 8000 rdfData\trajectory_rho_0.5_T_3.0.dat rdfData\radialDistribution_rho_0.5_T_3.0.dat RDFSpeedVerlet 3.0 0.6 3
2024-12-24 17:28:59 [INFO] Executing simulation for rho=0.5, T=4.0 with command: build\main.exe 300 0.5 0.008 8000 rdfData\trajectory_rho_0.5_T_4.0.dat rdfData\radialDistribution_rho_0.5_T_4.0.dat RDFSpeedVerlet 4.0 0.6 3
2024-12-24 17:28:59 [INFO] Executing simulation for rho=0.5, T=5.0 with command: build\main.exe 300 0.5 0.008 8000 rdfData\trajectory_rho_0.5_T_5.0.dat rdfData\radialDistribution_rho_0.5_T_5.0.dat RDFSpeedVerlet 5.0 0.6 3
2024-12-24 17:28:59 [INFO] Executing simulation for rho=0.5, T=8.0 with command: build\main.exe 300 0.5 0.008 8000 rdfData\trajectory_rho_0.5_T_8.0.dat rdfData\radialDistribution_rho_0.5_T_8.0.dat RDFSpeedVerlet 8.0 0.6 3
2024-12-24 17:28:59 [INFO] Executing simulation for rho=0.5, T=1.0 with command: build\main.exe 300 0.5 0.008 8000 rdfData\trajectory_rho_0.5_T_1.0.dat rdfData\radialDistribution_rho_0.5_T_1.0.dat RDFSpeedVerlet 1.0 0.6 3
2024-12-24 17:28:59 [INFO] Executing simulation for rho=0.6, T=2.4 with command: build\main.exe 300 0.6 0.008 8000 rdfData\trajectory_rho_0.6_T_2.4.dat rdfData\radialDistribution_rho_0.6_T_2.4.dat RDFSpeedVerlet 2.4 0.6 3
2024-12-24 17:28:59 [INFO] Executing simulation for rho=0.6, T=2.6 with command: build\main.exe 300 0.6 0.008 8000 rdfData\trajectory_rho_0.6_T_2.6.dat rdfData\radialDistribution_rho_0.6_T_2.6.dat RDFSpeedVerlet 2.6 0.6 3
2024-12-24 17:29:00 [INFO] Executing simulation for rho=0.6, T=3.0 with command: build\main.exe 300 0.6 0.008 8000 rdfData\trajectory_rho_0.6_T_3.0.dat rdfData\radialDistribution_rho_0.6_T_3.0.dat RDFSpeedVerlet 3.0 0.6 3
2024-12-24 17:29:00 [INFO] Executing simulation for rho=0.6, T=4.0 with command: build\main.exe 300 0.6 0.008 8000 rdfData\trajectory_rho_0.6_T_4.0.dat rdfData\radialDistribution_rho_0.6_T_4.0.dat RDFSpeedVerlet 4.0 0.6 3
2024-12-24 17:29:00 [INFO] Executing simulation for rho=0.6, T=8.0 with command: build\main.exe 300 0.6 0.008 8000 rdfData\trajectory_rho_0.6_T_8.0.dat rdfData\radialDistribution_rho_0.6_T_8.0.dat RDFSpeedVerlet 8.0 0.6 3
2024-12-24 17:29:00 [INFO] Executing simulation for rho=0.6, T=1.0 with command: build\main.exe 300 0.6 0.008 8000 rdfData\trajectory_rho_0.6_T_1.0.dat rdfData\radialDistribution_rho_0.6_T_1.0.dat RDFSpeedVerlet 1.0 0.6 3
2024-12-24 17:29:00 [INFO] Executing simulation for rho=0.7, T=2.2 with command: build\main.exe 300 0.7 0.008 8000 rdfData\trajectory_rho_0.7_T_2.2.dat rdfData\radialDistribution_rho_0.7_T_2.2.dat RDFSpeedVerlet 2.2 0.6 3
2024-12-24 17:29:00 [INFO] Executing simulation for rho=0.7, T=2.4 with command: build\main.exe 300 0.7 0.008 8000 rdfData\trajectory_rho_0.7_T_2.4.dat rdfData\radialDistribution_rho_0.7_T_2.4.dat RDFSpeedVerlet 2.4 0.6 3
2024-12-24 17:29:00 [INFO] Executing simulation for rho=0.7, T=2.6 with command: build\main.exe 300 0.7 0.008 8000 rdfData\trajectory_rho_0.7_T_2.6.dat rdfData\radialDistribution_rho_0.7_T_2.6.dat RDFSpeedVerlet 2.6 0.6 3
2024-12-24 17:29:00 [INFO] Executing simulation for rho=0.7, T=2.8 with command: build\main.exe 300 0.7 0.008 8000 rdfData\trajectory_rho_0.7_T_2.8.dat rdfData\radialDistribution_rho_0.7_T_2.8.dat RDFSpeedVerlet 2.8 0.6 3
2024-12-24 17:29:00 [INFO] Executing simulation for rho=0.7, T=3.0 with command: build\main.exe 300 0.7 0.008 8000 rdfData\trajectory_rho_0.7_T_3.0.dat rdfData\radialDistribution_rho_0.7_T_3.0.dat RDFSpeedVerlet 3.0 0.6 3
2024-12-24 17:29:00 [INFO] Executing simulation for rho=0.7, T=4.0 with command: build\main.exe 300 0.7 0.008 8000 rdfData\trajectory_rho_0.7_T_4.0.dat rdfData\radialDistribution_rho_0.7_T_4.0.dat RDFSpeedVerlet 4.0 0.6 3
2024-12-24 17:29:00 [INFO] Executing simulation for rho=0.7, T=8.0 with command: build\main.exe 300 0.7 0.008 8000 rdfData\trajectory_rho_0.7_T_8.0.dat rdfData\radialDistribution_rho_0.7_T_8.0.dat RDFSpeedVerlet 8.0 0.6 3
2024-12-24 17:29:00 [INFO] Executing simulation for rho=0.7, T=1.0 with command: build\main.exe 300 0.7 0.008 8000 rdfData\trajectory_rho_0.7_T_1.0.dat rdfData\radialDistribution_rho_0.7_T_1.0.dat RDFSpeedVerlet 1.0 0.6 3
2024-12-24 17:29:00 [INFO] Executing simulation for rho=0.8, T=2.4 with command: build\main.exe 300 0.8 0.008 8000 rdfData\trajectory_rho_0.8_T_2.4.dat rdfData\radialDistribution_rho_0.8_T_2.4.dat RDFSpeedVerlet 2.4 0.6 3
2024-12-24 17:29:00 [INFO] Executing simulation for rho=0.8, T=2.6 with command: build\main.exe 300 0.8 0.008 8000 rdfData\trajectory_rho_0.8_T_2.6.dat rdfData\radialDistribution_rho_0.8_T_2.6.dat RDFSpeedVerlet 2.6 0.6 3
2024-12-24 17:29:00 [INFO] Executing simulation for rho=0.8, T=4.0 with command: build\main.exe 300 0.8 0.008 8000 rdfData\trajectory_rho_0.8_T_4.0.dat rdfData\radialDistribution_rho_0.8_T_4.0.dat RDFSpeedVerlet 4.0 0.6 3
2024-12-24 17:29:00 [INFO] Executing simulation for rho=0.8, T=8.0 with command: build\main.exe 300 0.8 0.008 8000 rdfData\trajectory_rho_0.8_T_8.0.dat rdfData\radialDistribution_rho_0.8_T_8.0.dat RDFSpeedVerlet 8.0 0.6 3
2024-12-24 17:29:00 [INFO] Executing simulation for rho=0.8, T=1.0 with command: build\main.exe 300 0.8 0.008 8000 rdfData\trajectory_rho_0.8_T_1.0.dat rdfData\radialDistribution_rho_0.8_T_1.0.dat RDFSpeedVerlet 1.0 0.6 3
2024-12-24 17:29:00 [INFO] Executing simulation for rho=0.9, T=2.2 with command: build\main.exe 300 0.9 0.008 8000 rdfData\trajectory_rho_0.9_T_2.2.dat rdfData\radialDistribution_rho_0.9_T_2.2.dat RDFSpeedVerlet 2.2 0.6 3
2024-12-24 17:29:00 [INFO] Executing simulation for rho=0.9, T=2.4 with command: build\main.exe 300 0.9 0.008 8000 rdfData\trajectory_rho_0.9_T_2.4.dat rdfData\radialDistribution_rho_0.9_T_2.4.dat RDFSpeedVerlet 2.4 0.6 3
2024-12-24 17:29:00 [INFO] Executing simulation for rho=0.9, T=2.6 with command: build\main.exe 300 0.9 0.008 8000 rdfData\trajectory_rho_0.9_T_2.6.dat rdfData\radialDistribution_rho_0.9_T_2.6.dat RDFSpeedVerlet 2.6 0.6 3
2024-12-24 17:29:00 [INFO] Executing simulation for rho=0.9, T=3.0 with command: build\main.exe 300 0.9 0.008 8000 rdfData\trajectory_rho_0.9_T_3.0.dat rdfData\radialDistribution_rho_0.9_T_3.0.dat RDFSpeedVerlet 3.0 0.6 3
2024-12-24 17:29:00 [INFO] Executing simulation for rho=0.9, T=4.0 with command: build\main.exe 300 0.9 0.008 8000 rdfData\trajectory_rho_0.9_T_4.0.dat rdfData\radialDistribution_rho_0.9_T_4.0.dat RDFSpeedVerlet 4.0 0.6 3
2024-12-24 17:29:00 [INFO] Executing simulation for rho=0.9, T=5.0 with command: build\main.exe 300 0.9 0.008 8000 rdfData\trajectory_rho_0.9_T_5.0.dat rdfData\radialDistribution_rho_0.9_T_5.0.dat RDFSpeedVerlet 5.0 0.6 3
2024-12-24 17:29:00 [INFO] Executing simulation for rho=0.9, T=8.0 with command: build\main.exe 300 0.9 0.008 8000 rdfData\trajectory_rho_0.9_T_8.0.dat rdfData\radialDistribution_rho_0.9_T_8.0.dat RDFSpeedVerlet 8.0 0.6 3
2024-12-24 17:29:00 [INFO] Executing simulation for rho=0.9, T=1.0 with command: build\main.exe 300 0.9 0.008 8000 rdfData\trajectory_rho_0.9_T_1.0.dat rdfData\radialDistribution_rho_0.9_T_1.0.dat RDFSpeedVerlet 1.0 0.6 3
2024-12-24 17:29:04 [INFO] Executing simulation for rho=0.2, T=2.2 with command: build\main.exe 300 0.2 0.008 8000 rdfData\trajectory_rho_0.2_T_2.2.dat rdfData\radialDistribution_rho_0.2_T_2.2.dat RDFSpeedVerlet 2.2 0.6 3
2024-12-24 17:29:04 [INFO] Executing simulation for rho=0.2, T=2.4 with command: build\main.exe 300 0.2 0.008 8000 rdfData\trajectory_rho_0.2_T_2.4.dat rdfData\radialDistribution_rho_0.2_T_2.4.dat RDFSpeedVerlet 2.4 0.6 3
2024-12-24 17:29:04 [INFO] Executing simulation for rho=0.2, T=2.6 with command: build\main.exe 300 0.2 0.008 8000 rdfData\trajectory_rho_0.2_T_2.6.dat rdfData\radialDistribution_rho_0.2_T_2.6.dat RDFSpeedVerlet 2.6 0.6 3
2024-12-24 17:29:04 [INFO] Executing simulation for rho=0.2, T=2.8 with command: build\main.exe 300 0.2 0.008 8000 rdfData\trajectory_rho_0.2_T_2.8.dat rdfData\radialDistribution_rho_0.2_T_2.8.dat RDFSpeedVerlet 2.8 0.6 3
2024-12-24 17:29:04 [INFO] Executing simulation for rho=0.2, T=3.0 with command: build\main.exe 300 0.2 0.008 8000 rdfData\trajectory_rho_0.2_T_3.0.dat rdfData\radialDistribution_rho_0.2_T_3.0.dat RDFSpeedVerlet 3.0 0.6 3
2024-12-24 17:29:43 [INFO] Simulation completed for rho=0.2, T=2.2.
2024-12-24 17:29:43 [INFO] Simulation completed for rho=0.2, T=3.0.
2024-12-24 17:29:43 [INFO] Simulation completed for rho=0.2, T=2.6.
2024-12-24 17:29:43 [INFO] Simulation completed for rho=0.2, T=2.8.
2024-12-24 17:29:43 [INFO] Simulation completed for rho=0.2, T=2.4.
2024-12-24 17:29:51 [INFO] Saved averaged RDF data to rdfData\rdf_rho_0.2_T_2.2.dat
2024-12-24 17:29:51 [INFO] Executing simulation for rho=0.2, T=4.0 with command: build\main.exe 300 0.2 0.008 8000 rdfData\trajectory_rho_0.2_T_4.0.dat rdfData\radialDistribution_rho_0.2_T_4.0.dat RDFSpeedVerlet 4.0 0.6 3
2024-12-24 17:29:52 [INFO] Saved averaged RDF data to rdfData\rdf_rho_0.2_T_2.6.dat
2024-12-24 17:29:52 [INFO] Executing simulation for rho=0.2, T=5.0 with command: build\main.exe 300 0.2 0.008 8000 rdfData\trajectory_rho_0.2_T_5.0.dat rdfData\radialDistribution_rho_0.2_T_5.0.dat RDFSpeedVerlet 5.0 0.6 3
2024-12-24 17:29:52 [INFO] Saved averaged RDF data to rdfData\rdf_rho_0.2_T_3.0.dat
2024-12-24 17:29:52 [INFO] Saved averaged RDF data to rdfData\rdf_rho_0.2_T_2.8.dat
2024-12-24 17:29:52 [INFO] Executing simulation for rho=0.2, T=8.0 with command: build\main.exe 300 0.2 0.008 8000 rdfData\trajectory_rho_0.2_T_8.0.dat rdfData\radialDistribution_rho_0.2_T_8.0.dat RDFSpeedVerlet 8.0 0.6 3
2024-12-24 17:29:52 [INFO] Saved averaged RDF data to rdfData\rdf_rho_0.2_T_2.4.dat
2024-12-24 17:29:52 [INFO] Executing simulation for rho=0.2, T=1.0 with command: build\main.exe 300 0.2 0.008 8000 rdfData\trajectory_rho_0.2_T_1.0.dat rdfData\radialDistribution_rho_0.2_T_1.0.dat RDFSpeedVerlet 1.0 0.6 3
2024-12-24 17:29:52 [INFO] Executing simulation for rho=0.3, T=2.2 with command: build\main.exe 300 0.3 0.008 8000 rdfData\trajectory_rho_0.3_T_2.2.dat rdfData\radialDistribution_rho_0.3_T_2.2.dat RDFSpeedVerlet 2.2 0.6 3
2024-12-24 17:30:29 [INFO] Simulation completed for rho=0.2, T=1.0.
2024-12-24 17:30:31 [INFO] Simulation completed for rho=0.2, T=4.0.
2024-12-24 17:30:31 [INFO] Simulation completed for rho=0.2, T=8.0.
2024-12-24 17:30:31 [INFO] Simulation completed for rho=0.2, T=5.0.
2024-12-24 17:30:34 [INFO] Simulation completed for rho=0.3, T=2.2.
2024-12-24 17:30:37 [INFO] Saved averaged RDF data to rdfData\rdf_rho_0.2_T_1.0.dat
2024-12-24 17:30:37 [INFO] Executing simulation for rho=0.3, T=2.4 with command: build\main.exe 300 0.3 0.008 8000 rdfData\trajectory_rho_0.3_T_2.4.dat rdfData\radialDistribution_rho_0.3_T_2.4.dat RDFSpeedVerlet 2.4 0.6 3
2024-12-24 17:30:39 [INFO] Saved averaged RDF data to rdfData\rdf_rho_0.2_T_4.0.dat
2024-12-24 17:30:39 [INFO] Executing simulation for rho=0.3, T=2.6 with command: build\main.exe 300 0.3 0.008 8000 rdfData\trajectory_rho_0.3_T_2.6.dat rdfData\radialDistribution_rho_0.3_T_2.6.dat RDFSpeedVerlet 2.6 0.6 3
2024-12-24 17:30:39 [INFO] Saved averaged RDF data to rdfData\rdf_rho_0.2_T_5.0.dat
2024-12-24 17:30:39 [INFO] Executing simulation for rho=0.3, T=2.8 with command: build\main.exe 300 0.3 0.008 8000 rdfData\trajectory_rho_0.3_T_2.8.dat rdfData\radialDistribution_rho_0.3_T_2.8.dat RDFSpeedVerlet 2.8 0.6 3
2024-12-24 17:30:39 [INFO] Saved averaged RDF data to rdfData\rdf_rho_0.2_T_8.0.dat
2024-12-24 17:30:40 [INFO] Executing simulation for rho=0.3, T=3.0 with command: build\main.exe 300 0.3 0.008 8000 rdfData\trajectory_rho_0.3_T_3.0.dat rdfData\radialDistribution_rho_0.3_T_3.0.dat RDFSpeedVerlet 3.0 0.6 3
2024-12-24 17:30:42 [INFO] Saved averaged RDF data to rdfData\rdf_rho_0.3_T_2.2.dat
2024-12-24 17:30:42 [INFO] Executing simulation for rho=0.3, T=4.0 with command: build\main.exe 300 0.3 0.008 8000 rdfData\trajectory_rho_0.3_T_4.0.dat rdfData\radialDistribution_rho_0.3_T_4.0.dat RDFSpeedVerlet 4.0 0.6 3
2024-12-24 17:31:19 [INFO] Simulation completed for rho=0.3, T=2.4.
2024-12-24 17:31:21 [INFO] Simulation completed for rho=0.3, T=2.6.
2024-12-24 17:31:21 [INFO] Simulation completed for rho=0.3, T=3.0.
2024-12-24 17:31:22 [INFO] Simulation completed for rho=0.3, T=2.8.
2024-12-24 17:31:23 [INFO] Simulation completed for rho=0.3, T=4.0.
2024-12-24 17:31:27 [INFO] Saved averaged RDF data to rdfData\rdf_rho_0.3_T_2.4.dat
2024-12-24 17:31:27 [INFO] Executing simulation for rho=0.3, T=5.0 with command: build\main.exe 300 0.3 0.008 8000 rdfData\trajectory_rho_0.3_T_5.0.dat rdfData\radialDistribution_rho_0.3_T_5.0.dat RDFSpeedVerlet 5.0 0.6 3
2024-12-24 17:31:29 [INFO] Saved averaged RDF data to rdfData\rdf_rho_0.3_T_2.6.dat
2024-12-24 17:31:29 [INFO] Executing simulation for rho=0.3, T=8.0 with command: build\main.exe 300 0.3 0.008 8000 rdfData\trajectory_rho_0.3_T_8.0.dat rdfData\radialDistribution_rho_0.3_T_8.0.dat RDFSpeedVerlet 8.0 0.6 3
2024-12-24 17:31:30 [INFO] Saved averaged RDF data to rdfData\rdf_rho_0.3_T_3.0.dat
2024-12-24 17:31:30 [INFO] Executing simulation for rho=0.3, T=1.0 with command: build\main.exe 300 0.3 0.008 8000 rdfData\trajectory_rho_0.3_T_1.0.dat rdfData\radialDistribution_rho_0.3_T_1.0.dat RDFSpeedVerlet 1.0 0.6 3
2024-12-24 17:31:30 [INFO] Saved averaged RDF data to rdfData\rdf_rho_0.3_T_2.8.dat
2024-12-24 17:31:30 [INFO] Executing simulation for rho=0.4, T=2.2 with command: build\main.exe 300 0.4 0.008 8000 rdfData\trajectory_rho_0.4_T_2.2.dat rdfData\radialDistribution_rho_0.4_T_2.2.dat RDFSpeedVerlet 2.2 0.6 3
2024-12-24 17:31:31 [INFO] Saved averaged RDF data to rdfData\rdf_rho_0.3_T_4.0.dat
2024-12-24 17:31:31 [INFO] Executing simulation for rho=0.4, T=2.4 with command: build\main.exe 300 0.4 0.008 8000 rdfData\trajectory_rho_0.4_T_2.4.dat rdfData\radialDistribution_rho_0.4_T_2.4.dat RDFSpeedVerlet 2.4 0.6 3
2024-12-24 17:32:09 [INFO] Simulation completed for rho=0.3, T=5.0.
2024-12-24 17:32:10 [INFO] Simulation completed for rho=0.3, T=1.0.
2024-12-24 17:32:11 [INFO] Simulation completed for rho=0.3, T=8.0.
2024-12-24 17:32:14 [INFO] Simulation completed for rho=0.4, T=2.2.
2024-12-24 17:32:15 [INFO] Simulation completed for rho=0.4, T=2.4.
2024-12-24 17:32:17 [INFO] Saved averaged RDF data to rdfData\rdf_rho_0.3_T_5.0.dat
2024-12-24 17:32:17 [INFO] Executing simulation for rho=0.4, T=2.6 with command: build\main.exe 300 0.4 0.008 8000 rdfData\trajectory_rho_0.4_T_2.6.dat rdfData\radialDistribution_rho_0.4_T_2.6.dat RDFSpeedVerlet 2.6 0.6 3
2024-12-24 17:32:18 [INFO] Saved averaged RDF data to rdfData\rdf_rho_0.3_T_1.0.dat
2024-12-24 17:32:19 [INFO] Executing simulation for rho=0.4, T=2.8 with command: build\main.exe 300 0.4 0.008 8000 rdfData\trajectory_rho_0.4_T_2.8.dat rdfData\radialDistribution_rho_0.4_T_2.8.dat RDFSpeedVerlet 2.8 0.6 3
2024-12-24 17:32:19 [INFO] Saved averaged RDF data to rdfData\rdf_rho_0.3_T_8.0.dat
2024-12-24 17:32:19 [INFO] Executing simulation for rho=0.4, T=3.0 with command: build\main.exe 300 0.4 0.008 8000 rdfData\trajectory_rho_0.4_T_3.0.dat rdfData\radialDistribution_rho_0.4_T_3.0.dat RDFSpeedVerlet 3.0 0.6 3
2024-12-24 17:32:22 [INFO] Saved averaged RDF data to rdfData\rdf_rho_0.4_T_2.2.dat
2024-12-24 17:32:22 [INFO] Executing simulation for rho=0.4, T=4.0 with command: build\main.exe 300 0.4 0.008 8000 rdfData\trajectory_rho_0.4_T_4.0.dat rdfData\radialDistribution_rho_0.4_T_4.0.dat RDFSpeedVerlet 4.0 0.6 3
2024-12-24 17:32:24 [INFO] Saved averaged RDF data to rdfData\rdf_rho_0.4_T_2.4.dat
2024-12-24 17:32:24 [INFO] Executing simulation for rho=0.4, T=5.0 with command: build\main.exe 300 0.4 0.008 8000 rdfData\trajectory_rho_0.4_T_5.0.dat rdfData\radialDistribution_rho_0.4_T_5.0.dat RDFSpeedVerlet 5.0 0.6 3
2024-12-24 17:33:01 [INFO] Simulation completed for rho=0.4, T=2.6.
2024-12-24 17:33:03 [INFO] Simulation completed for rho=0.4, T=2.8.
2024-12-24 17:33:03 [INFO] Simulation completed for rho=0.4, T=3.0.
2024-12-24 17:33:07 [INFO] Simulation completed for rho=0.4, T=4.0.
2024-12-24 17:33:08 [INFO] Simulation completed for rho=0.4, T=5.0.
2024-12-24 17:33:10 [INFO] Saved averaged RDF data to rdfData\rdf_rho_0.4_T_2.6.dat
2024-12-24 17:33:10 [INFO] Executing simulation for rho=0.4, T=8.0 with command: build\main.exe 300 0.4 0.008 8000 rdfData\trajectory_rho_0.4_T_8.0.dat rdfData\radialDistribution_rho_0.4_T_8.0.dat RDFSpeedVerlet 8.0 0.6 3
2024-12-24 17:33:12 [INFO] Saved averaged RDF data to rdfData\rdf_rho_0.4_T_2.8.dat
2024-12-24 17:33:12 [INFO] Executing simulation for rho=0.4, T=1.0 with command: build\main.exe 300 0.4 0.008 8000 rdfData\trajectory_rho_0.4_T_1.0.dat rdfData\radialDistribution_rho_0.4_T_1.0.dat RDFSpeedVerlet 1.0 0.6 3
2024-12-24 17:33:12 [INFO] Saved averaged RDF data to rdfData\rdf_rho_0.4_T_3.0.dat
2024-12-24 17:33:12 [INFO] Executing simulation for rho=0.5, T=2.2 with command: build\main.exe 300 0.5 0.008 8000 rdfData\trajectory_rho_0.5_T_2.2.dat rdfData\radialDistribution_rho_0.5_T_2.2.dat RDFSpeedVerlet 2.2 0.6 3
2024-12-24 17:33:16 [INFO] Saved averaged RDF data to rdfData\rdf_rho_0.4_T_4.0.dat
2024-12-24 17:33:16 [INFO] Executing simulation for rho=0.5, T=2.4 with command: build\main.exe 300 0.5 0.008 8000 rdfData\trajectory_rho_0.5_T_2.4.dat rdfData\radialDistribution_rho_0.5_T_2.4.dat RDFSpeedVerlet 2.4 0.6 3
2024-12-24 17:33:17 [INFO] Saved averaged RDF data to rdfData\rdf_rho_0.4_T_5.0.dat
2024-12-24 17:33:17 [INFO] Executing simulation for rho=0.5, T=2.6 with command: build\main.exe 300 0.5 0.008 8000 rdfData\trajectory_rho_0.5_T_2.6.dat rdfData\radialDistribution_rho_0.5_T_2.6.dat RDFSpeedVerlet 2.6 0.6 3
2024-12-24 17:33:56 [INFO] Simulation completed for rho=0.4, T=8.0.
2024-12-24 17:33:58 [INFO] Simulation completed for rho=0.4, T=1.0.
2024-12-24 17:34:00 [INFO] Simulation completed for rho=0.5, T=2.2.
2024-12-24 17:34:04 [INFO] Simulation completed for rho=0.5, T=2.4.
2024-12-24 17:34:05 [INFO] Saved averaged RDF data to rdfData\rdf_rho_0.4_T_8.0.dat
2024-12-24 17:34:05 [INFO] Executing simulation for rho=0.5, T=2.8 with command: build\main.exe 300 0.5 0.008 8000 rdfData\trajectory_rho_0.5_T_2.8.dat rdfData\radialDistribution_rho_0.5_T_2.8.dat RDFSpeedVerlet 2.8 0.6 3
2024-12-24 17:34:05 [INFO] Simulation completed for rho=0.5, T=2.6.
2024-12-24 17:34:07 [INFO] Saved averaged RDF data to rdfData\rdf_rho_0.4_T_1.0.dat
2024-12-24 17:34:07 [INFO] Executing simulation for rho=0.5, T=3.0 with command: build\main.exe 300 0.5 0.008 8000 rdfData\trajectory_rho_0.5_T_3.0.dat rdfData\radialDistribution_rho_0.5_T_3.0.dat RDFSpeedVerlet 3.0 0.6 3
2024-12-24 17:34:09 [INFO] Saved averaged RDF data to rdfData\rdf_rho_0.5_T_2.2.dat
2024-12-24 17:34:09 [INFO] Executing simulation for rho=0.5, T=4.0 with command: build\main.exe 300 0.5 0.008 8000 rdfData\trajectory_rho_0.5_T_4.0.dat rdfData\radialDistribution_rho_0.5_T_4.0.dat RDFSpeedVerlet 4.0 0.6 3
2024-12-24 17:34:12 [INFO] Saved averaged RDF data to rdfData\rdf_rho_0.5_T_2.4.dat
2024-12-24 17:34:12 [INFO] Executing simulation for rho=0.5, T=5.0 with command: build\main.exe 300 0.5 0.008 8000 rdfData\trajectory_rho_0.5_T_5.0.dat rdfData\radialDistribution_rho_0.5_T_5.0.dat RDFSpeedVerlet 5.0 0.6 3
2024-12-24 17:34:13 [INFO] Saved averaged RDF data to rdfData\rdf_rho_0.5_T_2.6.dat
2024-12-24 17:34:13 [INFO] Executing simulation for rho=0.5, T=8.0 with command: build\main.exe 300 0.5 0.008 8000 rdfData\trajectory_rho_0.5_T_8.0.dat rdfData\radialDistribution_rho_0.5_T_8.0.dat RDFSpeedVerlet 8.0 0.6 3
2024-12-24 17:34:52 [INFO] Simulation completed for rho=0.5, T=2.8.
2024-12-24 17:34:54 [INFO] Simulation completed for rho=0.5, T=3.0.
2024-12-24 17:34:56 [INFO] Simulation completed for rho=0.5, T=4.0.
2024-12-24 17:35:00 [INFO] Simulation completed for rho=0.5, T=5.0.
2024-12-24 17:35:01 [INFO] Saved averaged RDF data to rdfData\rdf_rho_0.5_T_2.8.dat
2024-12-24 17:35:01 [INFO] Executing simulation for rho=0.5, T=1.0 with command: build\main.exe 300 0.5 0.008 8000 rdfData\trajectory_rho_0.5_T_1.0.dat rdfData\radialDistribution_rho_0.5_T_1.0.dat RDFSpeedVerlet 1.0 0.6 3
2024-12-24 17:35:01 [INFO] Simulation completed for rho=0.5, T=8.0.
2024-12-24 17:35:03 [INFO] Saved averaged RDF data to rdfData\rdf_rho_0.5_T_3.0.dat
2024-12-24 17:35:03 [INFO] Executing simulation for rho=0.6, T=2.2 with command: build\main.exe 300 0.6 0.008 8000 rdfData\trajectory_rho_0.6_T_2.2.dat rdfData\radialDistribution_rho_0.6_T_2.2.dat RDFSpeedVerlet 2.2 0.6 3
2024-12-24 17:35:05 [INFO] Saved averaged RDF data to rdfData\rdf_rho_0.5_T_4.0.dat
2024-12-24 17:35:05 [INFO] Executing simulation for rho=0.6, T=2.4 with command: build\main.exe 300 0.6 0.008 8000 rdfData\trajectory_rho_0.6_T_2.4.dat rdfData\radialDistribution_rho_0.6_T_2.4.dat RDFSpeedVerlet 2.4 0.6 3
2024-12-24 17:35:09 [INFO] Saved averaged RDF data to rdfData\rdf_rho_0.5_T_5.0.dat
2024-12-24 17:35:09 [INFO] Executing simulation for rho=0.6, T=2.6 with command: build\main.exe 300 0.6 0.008 8000 rdfData\trajectory_rho_0.6_T_2.6.dat rdfData\radialDistribution_rho_0.6_T_2.6.dat RDFSpeedVerlet 2.6 0.6 3
2024-12-24 17:35:10 [INFO] Saved averaged RDF data to rdfData\rdf_rho_0.5_T_8.0.dat
2024-12-24 17:35:10 [INFO] Executing simulation for rho=0.6, T=2.8 with command: build\main.exe 300 0.6 0.008 8000 rdfData\trajectory_rho_0.6_T_2.8.dat rdfData\radialDistribution_rho_0.6_T_2.8.dat RDFSpeedVerlet 2.8 0.6 3
2024-12-24 17:35:48 [INFO] Simulation completed for rho=0.5, T=1.0.
2024-12-24 17:35:51 [INFO] Simulation completed for rho=0.6, T=2.2.
2024-12-24 17:35:53 [INFO] Simulation completed for rho=0.6, T=2.4.
2024-12-24 17:35:57 [INFO] Simulation completed for rho=0.6, T=2.6.
2024-12-24 17:35:57 [INFO] Saved averaged RDF data to rdfData\rdf_rho_0.5_T_1.0.dat
2024-12-24 17:35:57 [INFO] Executing simulation for rho=0.6, T=3.0 with command: build\main.exe 300 0.6 0.008 8000 rdfData\trajectory_rho_0.6_T_3.0.dat rdfData\radialDistribution_rho_0.6_T_3.0.dat RDFSpeedVerlet 3.0 0.6 3
2024-12-24 17:35:59 [INFO] Simulation completed for rho=0.6, T=2.8.
2024-12-24 17:36:00 [INFO] Saved averaged RDF data to rdfData\rdf_rho_0.6_T_2.2.dat
2024-12-24 17:36:00 [INFO] Executing simulation for rho=0.6, T=4.0 with command: build\main.exe 300 0.6 0.008 8000 rdfData\trajectory_rho_0.6_T_4.0.dat rdfData\radialDistribution_rho_0.6_T_4.0.dat RDFSpeedVerlet 4.0 0.6 3
2024-12-24 17:36:02 [INFO] Saved averaged RDF data to rdfData\rdf_rho_0.6_T_2.4.dat
2024-12-24 17:36:02 [INFO] Executing simulation for rho=0.6, T=5.0 with command: build\main.exe 300 0.6 0.008 8000 rdfData\trajectory_rho_0.6_T_5.0.dat rdfData\radialDistribution_rho_0.6_T_5.0.dat RDFSpeedVerlet 5.0 0.6 3
2024-12-24 17:36:06 [INFO] Saved averaged RDF data to rdfData\rdf_rho_0.6_T_2.6.dat
2024-12-24 17:36:06 [INFO] Executing simulation for rho=0.6, T=8.0 with command: build\main.exe 300 0.6 0.008 8000 rdfData\trajectory_rho_0.6_T_8.0.dat rdfData\radialDistribution_rho_0.6_T_8.0.dat RDFSpeedVerlet 8.0 0.6 3
2024-12-24 17:36:07 [INFO] Saved averaged RDF data to rdfData\rdf_rho_0.6_T_2.8.dat
2024-12-24 17:36:07 [INFO] Executing simulation for rho=0.6, T=1.0 with command: build\main.exe 300 0.6 0.008 8000 rdfData\trajectory_rho_0.6_T_1.0.dat rdfData\radialDistribution_rho_0.6_T_1.0.dat RDFSpeedVerlet 1.0 0.6 3
2024-12-24 17:36:46 [INFO] Simulation completed for rho=0.6, T=3.0.
2024-12-24 17:36:49 [INFO] Simulation completed for rho=0.6, T=4.0.
2024-12-24 17:36:50 [INFO] Simulation completed for rho=0.6, T=5.0.
2024-12-24 17:36:54 [INFO] Simulation completed for rho=0.6, T=8.0.
2024-12-24 17:36:54 [INFO] Saved averaged RDF data to rdfData\rdf_rho_0.6_T_3.0.dat
2024-12-24 17:36:54 [INFO] Executing simulation for rho=0.7, T=2.2 with command: build\main.exe 300 0.7 0.008 8000 rdfData\trajectory_rho_0.7_T_2.2.dat rdfData\radialDistribution_rho_0.7_T_2.2.dat RDFSpeedVerlet 2.2 0.6 3
2024-12-24 17:36:55 [INFO] Simulation completed for rho=0.6, T=1.0.
2024-12-24 17:36:57 [INFO] Saved averaged RDF data to rdfData\rdf_rho_0.6_T_4.0.dat
2024-12-24 17:36:57 [INFO] Executing simulation for rho=0.7, T=2.4 with command: build\main.exe 300 0.7 0.008 8000 rdfData\trajectory_rho_0.7_T_2.4.dat rdfData\radialDistribution_rho_0.7_T_2.4.dat RDFSpeedVerlet 2.4 0.6 3
2024-12-24 17:36:58 [INFO] Saved averaged RDF data to rdfData\rdf_rho_0.6_T_5.0.dat
2024-12-24 17:36:58 [INFO] Executing simulation for rho=0.7, T=2.6 with command: build\main.exe 300 0.7 0.008 8000 rdfData\trajectory_rho_0.7_T_2.6.dat rdfData\radialDistribution_rho_0.7_T_2.6.dat RDFSpeedVerlet 2.6 0.6 3
2024-12-24 17:37:03 [INFO] Saved averaged RDF data to rdfData\rdf_rho_0.6_T_8.0.dat
2024-12-24 17:37:03 [INFO] Executing simulation for rho=0.7, T=2.8 with command: build\main.exe 300 0.7 0.008 8000 rdfData\trajectory_rho_0.7_T_2.8.dat rdfData\radialDistribution_rho_0.7_T_2.8.dat RDFSpeedVerlet 2.8 0.6 3
2024-12-24 17:37:04 [INFO] Saved averaged RDF data to rdfData\rdf_rho_0.6_T_1.0.dat
2024-12-24 17:37:04 [INFO] Executing simulation for rho=0.7, T=3.0 with command: build\main.exe 300 0.7 0.008 8000 rdfData\trajectory_rho_0.7_T_3.0.dat rdfData\radialDistribution_rho_0.7_T_3.0.dat RDFSpeedVerlet 3.0 0.6 3
2024-12-24 17:37:43 [INFO] Simulation completed for rho=0.7, T=2.2.
2024-12-24 17:37:46 [INFO] Simulation completed for rho=0.7, T=2.4.
2024-12-24 17:37:47 [INFO] Simulation completed for rho=0.7, T=2.6.
2024-12-24 17:37:51 [INFO] Saved averaged RDF data to rdfData\rdf_rho_0.7_T_2.2.dat
2024-12-24 17:37:51 [INFO] Executing simulation for rho=0.7, T=4.0 with command: build\main.exe 300 0.7 0.008 8000 rdfData\trajectory_rho_0.7_T_4.0.dat rdfData\radialDistribution_rho_0.7_T_4.0.dat RDFSpeedVerlet 4.0 0.6 3
2024-12-24 17:37:52 [INFO] Simulation completed for rho=0.7, T=2.8.
2024-12-24 17:37:52 [INFO] Simulation completed for rho=0.7, T=3.0.
2024-12-24 17:37:54 [INFO] Saved averaged RDF data to rdfData\rdf_rho_0.7_T_2.4.dat
2024-12-24 17:37:54 [INFO] Executing simulation for rho=0.7, T=5.0 with command: build\main.exe 300 0.7 0.008 8000 rdfData\trajectory_rho_0.7_T_5.0.dat rdfData\radialDistribution_rho_0.7_T_5.0.dat RDFSpeedVerlet 5.0 0.6 3
2024-12-24 17:37:55 [INFO] Saved averaged RDF data to rdfData\rdf_rho_0.7_T_2.6.dat
2024-12-24 17:37:55 [INFO] Executing simulation for rho=0.7, T=8.0 with command: build\main.exe 300 0.7 0.008 8000 rdfData\trajectory_rho_0.7_T_8.0.dat rdfData\radialDistribution_rho_0.7_T_8.0.dat RDFSpeedVerlet 8.0 0.6 3
2024-12-24 17:38:01 [INFO] Saved averaged RDF data to rdfData\rdf_rho_0.7_T_2.8.dat
2024-12-24 17:38:01 [INFO] Executing simulation for rho=0.7, T=1.0 with command: build\main.exe 300 0.7 0.008 8000 rdfData\trajectory_rho_0.7_T_1.0.dat rdfData\radialDistribution_rho_0.7_T_1.0.dat RDFSpeedVerlet 1.0 0.6 3
2024-12-24 17:38:01 [INFO] Saved averaged RDF data to rdfData\rdf_rho_0.7_T_3.0.dat
2024-12-24 17:38:01 [INFO] Executing simulation for rho=0.8, T=2.2 with command: build\main.exe 300 0.8 0.008 8000 rdfData\trajectory_rho_0.8_T_2.2.dat rdfData\radialDistribution_rho_0.8_T_2.2.dat RDFSpeedVerlet 2.2 0.6 3
2024-12-24 17:38:40 [INFO] Simulation completed for rho=0.7, T=4.0.
2024-12-24 17:38:43 [INFO] Simulation completed for rho=0.7, T=5.0.
2024-12-24 17:38:43 [INFO] Simulation completed for rho=0.7, T=8.0.
2024-12-24 17:38:49 [INFO] Simulation completed for rho=0.8, T=2.2.
2024-12-24 17:38:49 [INFO] Saved averaged RDF data to rdfData\rdf_rho_0.7_T_4.0.dat
2024-12-24 17:38:49 [INFO] Executing simulation for rho=0.8, T=2.4 with command: build\main.exe 300 0.8 0.008 8000 rdfData\trajectory_rho_0.8_T_2.4.dat rdfData\radialDistribution_rho_0.8_T_2.4.dat RDFSpeedVerlet 2.4 0.6 3
2024-12-24 17:38:49 [INFO] Simulation completed for rho=0.7, T=1.0.
2024-12-24 17:38:51 [INFO] Saved averaged RDF data to rdfData\rdf_rho_0.7_T_5.0.dat
2024-12-24 17:38:52 [INFO] Executing simulation for rho=0.8, T=2.6 with command: build\main.exe 300 0.8 0.008 8000 rdfData\trajectory_rho_0.8_T_2.6.dat rdfData\radialDistribution_rho_0.8_T_2.6.dat RDFSpeedVerlet 2.6 0.6 3
2024-12-24 17:38:52 [INFO] Saved averaged RDF data to rdfData\rdf_rho_0.7_T_8.0.dat
2024-12-24 17:38:52 [INFO] Executing simulation for rho=0.8, T=2.8 with command: build\main.exe 300 0.8 0.008 8000 rdfData\trajectory_rho_0.8_T_2.8.dat rdfData\radialDistribution_rho_0.8_T_2.8.dat RDFSpeedVerlet 2.8 0.6 3
2024-12-24 17:38:57 [INFO] Saved averaged RDF data to rdfData\rdf_rho_0.8_T_2.2.dat
2024-12-24 17:38:57 [INFO] Executing simulation for rho=0.8, T=3.0 with command: build\main.exe 300 0.8 0.008 8000 rdfData\trajectory_rho_0.8_T_3.0.dat rdfData\radialDistribution_rho_0.8_T_3.0.dat RDFSpeedVerlet 3.0 0.6 3
2024-12-24 17:38:57 [INFO] Saved averaged RDF data to rdfData\rdf_rho_0.7_T_1.0.dat
2024-12-24 17:38:57 [INFO] Executing simulation for rho=0.8, T=4.0 with command: build\main.exe 300 0.8 0.008 8000 rdfData\trajectory_rho_0.8_T_4.0.dat rdfData\radialDistribution_rho_0.8_T_4.0.dat RDFSpeedVerlet 4.0 0.6 3
2024-12-24 17:39:37 [INFO] Simulation completed for rho=0.8, T=2.4.
2024-12-24 17:39:39 [INFO] Simulation completed for rho=0.8, T=2.6.
2024-12-24 17:39:40 [INFO] Simulation completed for rho=0.8, T=2.8.
2024-12-24 17:39:45 [INFO] Saved averaged RDF data to rdfData\rdf_rho_0.8_T_2.4.dat
2024-12-24 17:39:45 [INFO] Executing simulation for rho=0.8, T=5.0 with command: build\main.exe 300 0.8 0.008 8000 rdfData\trajectory_rho_0.8_T_5.0.dat rdfData\radialDistribution_rho_0.8_T_5.0.dat RDFSpeedVerlet 5.0 0.6 3
2024-12-24 17:39:45 [INFO] Simulation completed for rho=0.8, T=3.0.
2024-12-24 17:39:46 [INFO] Simulation completed for rho=0.8, T=4.0.
2024-12-24 17:39:48 [INFO] Saved averaged RDF data to rdfData\rdf_rho_0.8_T_2.6.dat
2024-12-24 17:39:48 [INFO] Executing simulation for rho=0.8, T=8.0 with command: build\main.exe 300 0.8 0.008 8000 rdfData\trajectory_rho_0.8_T_8.0.dat rdfData\radialDistribution_rho_0.8_T_8.0.dat RDFSpeedVerlet 8.0 0.6 3
2024-12-24 17:39:49 [INFO] Saved averaged RDF data to rdfData\rdf_rho_0.8_T_2.8.dat
2024-12-24 17:39:49 [INFO] Executing simulation for rho=0.8, T=1.0 with command: build\main.exe 300 0.8 0.008 8000 rdfData\trajectory_rho_0.8_T_1.0.dat rdfData\radialDistribution_rho_0.8_T_1.0.dat RDFSpeedVerlet 1.0 0.6 3
2024-12-24 17:39:54 [INFO] Saved averaged RDF data to rdfData\rdf_rho_0.8_T_4.0.dat
2024-12-24 17:39:54 [INFO] Executing simulation for rho=0.9, T=2.2 with command: build\main.exe 300 0.9 0.008 8000 rdfData\trajectory_rho_0.9_T_2.2.dat rdfData\radialDistribution_rho_0.9_T_2.2.dat RDFSpeedVerlet 2.2 0.6 3
2024-12-24 17:39:54 [INFO] Saved averaged RDF data to rdfData\rdf_rho_0.8_T_3.0.dat
2024-12-24 17:39:54 [INFO] Executing simulation for rho=0.9, T=2.4 with command: build\main.exe 300 0.9 0.008 8000 rdfData\trajectory_rho_0.9_T_2.4.dat rdfData\radialDistribution_rho_0.9_T_2.4.dat RDFSpeedVerlet 2.4 0.6 3
2024-12-24 17:40:33 [INFO] Simulation completed for rho=0.8, T=5.0.
2024-12-24 17:40:36 [INFO] Simulation completed for rho=0.8, T=8.0.
2024-12-24 17:40:36 [INFO] Simulation completed for rho=0.8, T=1.0.
2024-12-24 17:40:41 [INFO] Simulation completed for rho=0.9, T=2.2.
2024-12-24 17:40:42 [INFO] Saved averaged RDF data to rdfData\rdf_rho_0.8_T_5.0.dat
2024-12-24 17:40:42 [INFO] Executing simulation for rho=0.9, T=2.6 with command: build\main.exe 300 0.9 0.008 8000 rdfData\trajectory_rho_0.9_T_2.6.dat rdfData\radialDistribution_rho_0.9_T_2.6.dat RDFSpeedVerlet 2.6 0.6 3
2024-12-24 17:40:42 [INFO] Simulation completed for rho=0.9, T=2.4.
2024-12-24 17:40:45 [INFO] Saved averaged RDF data to rdfData\rdf_rho_0.8_T_8.0.dat
2024-12-24 17:40:45 [INFO] Executing simulation for rho=0.9, T=2.8 with command: build\main.exe 300 0.9 0.008 8000 rdfData\trajectory_rho_0.9_T_2.8.dat rdfData\radialDistribution_rho_0.9_T_2.8.dat RDFSpeedVerlet 2.8 0.6 3
2024-12-24 17:40:45 [INFO] Saved averaged RDF data to rdfData\rdf_rho_0.8_T_1.0.dat
2024-12-24 17:40:45 [INFO] Executing simulation for rho=0.9, T=3.0 with command: build\main.exe 300 0.9 0.008 8000 rdfData\trajectory_rho_0.9_T_3.0.dat rdfData\radialDistribution_rho_0.9_T_3.0.dat RDFSpeedVerlet 3.0 0.6 3
2024-12-24 17:40:50 [INFO] Saved averaged RDF data to rdfData\rdf_rho_0.9_T_2.2.dat
2024-12-24 17:40:50 [INFO] Executing simulation for rho=0.9, T=4.0 with command: build\main.exe 300 0.9 0.008 8000 rdfData\trajectory_rho_0.9_T_4.0.dat rdfData\radialDistribution_rho_0.9_T_4.0.dat RDFSpeedVerlet 4.0 0.6 3
2024-12-24 17:40:50 [INFO] Saved averaged RDF data to rdfData\rdf_rho_0.9_T_2.4.dat
2024-12-24 17:40:50 [INFO] Executing simulation for rho=0.9, T=5.0 with command: build\main.exe 300 0.9 0.008 8000 rdfData\trajectory_rho_0.9_T_5.0.dat rdfData\radialDistribution_rho_0.9_T_5.0.dat RDFSpeedVerlet 5.0 0.6 3
2024-12-24 17:41:29 [INFO] Simulation completed for rho=0.9, T=2.6.
2024-12-24 17:41:32 [INFO] Simulation completed for rho=0.9, T=2.8.
2024-12-24 17:41:32 [INFO] Simulation completed for rho=0.9, T=3.0.
2024-12-24 17:41:37 [INFO] Simulation completed for rho=0.9, T=4.0.
2024-12-24 17:41:38 [INFO] Saved averaged RDF data to rdfData\rdf_rho_0.9_T_2.6.dat
2024-12-24 17:41:38 [INFO] Executing simulation for rho=0.9, T=8.0 with command: build\main.exe 300 0.9 0.008 8000 rdfData\trajectory_rho_0.9_T_8.0.dat rdfData\radialDistribution_rho_0.9_T_8.0.dat RDFSpeedVerlet 8.0 0.6 3
2024-12-24 17:41:38 [INFO] Simulation completed for rho=0.9, T=5.0.
2024-12-24 17:41:41 [INFO] Saved averaged RDF data to rdfData\rdf_rho_0.9_T_2.8.dat
2024-12-24 17:41:41 [INFO] Executing simulation for rho=0.9, T=1.0 with command: build\main.exe 300 0.9 0.008 8000 rdfData\trajectory_rho_0.9_T_1.0.dat rdfData\radialDistribution_rho_0.9_T_1.0.dat RDFSpeedVerlet 1.0 0.6 3
2024-12-24 17:41:41 [INFO] Saved averaged RDF data to rdfData\rdf_rho_0.9_T_3.0.dat
2024-12-24 17:41:45 [INFO] Saved averaged RDF data to rdfData\rdf_rho_0.9_T_4.0.dat
2024-12-24 17:41:46 [INFO] Saved averaged RDF data to rdfData\rdf_rho_0.9_T_5.0.dat
2024-12-24 17:42:20 [INFO] Simulation completed for rho=0.9, T=8.0.
2024-12-24 17:42:23 [INFO] Simulation completed for rho=0.9, T=1.0.
2024-12-24 17:42:27 [INFO] Saved averaged RDF data to rdfData\rdf_rho_0.9_T_8.0.dat
2024-12-24 17:42:29 [INFO] Saved averaged RDF data to rdfData\rdf_rho_0.9_T_1.0.dat
2024-12-24 17:42:30 [INFO] Created dataset directory at dataset
2024-12-24 17:42:36 [INFO] Saved average RDF data to dataset\avg_rdf_rho_0.2_T_1.0.dat
2024-12-24 17:42:36 [INFO] Saved sampled RDF data to dataset\rdf_rho_0.2_T_1.0.dat
2024-12-24 17:42:43 [INFO] Saved average RDF data to dataset\avg_rdf_rho_0.2_T_2.2.dat
2024-12-24 17:42:43 [INFO] Saved sampled RDF data to dataset\rdf_rho_0.2_T_2.2.dat
2024-12-24 17:42:50 [INFO] Saved average RDF data to dataset\avg_rdf_rho_0.2_T_2.4.dat
2024-12-24 17:42:50 [INFO] Saved sampled RDF data to dataset\rdf_rho_0.2_T_2.4.dat
2024-12-24 17:42:57 [INFO] Saved average RDF data to dataset\avg_rdf_rho_0.2_T_2.6.dat
2024-12-24 17:42:57 [INFO] Saved sampled RDF data to dataset\rdf_rho_0.2_T_2.6.dat
2024-12-24 17:43:04 [INFO] Saved average RDF data to dataset\avg_rdf_rho_0.2_T_2.8.dat
2024-12-24 17:43:04 [INFO] Saved sampled RDF data to dataset\rdf_rho_0.2_T_2.8.dat
2024-12-24 17:43:11 [INFO] Saved average RDF data to dataset\avg_rdf_rho_0.2_T_3.0.dat
2024-12-24 17:43:11 [INFO] Saved sampled RDF data to dataset\rdf_rho_0.2_T_3.0.dat
2024-12-24 17:43:18 [INFO] Saved average RDF data to dataset\avg_rdf_rho_0.2_T_4.0.dat
2024-12-24 17:43:18 [INFO] Saved sampled RDF data to dataset\rdf_rho_0.2_T_4.0.dat
2024-12-24 17:43:25 [INFO] Saved average RDF data to dataset\avg_rdf_rho_0.2_T_5.0.dat
2024-12-24 17:43:25 [INFO] Saved sampled RDF data to dataset\rdf_rho_0.2_T_5.0.dat
2024-12-24 17:43:32 [INFO] Saved average RDF data to dataset\avg_rdf_rho_0.2_T_8.0.dat
2024-12-24 17:43:32 [INFO] Saved sampled RDF data to dataset\rdf_rho_0.2_T_8.0.dat
2024-12-24 17:43:39 [INFO] Saved average RDF data to dataset\avg_rdf_rho_0.3_T_1.0.dat
2024-12-24 17:43:39 [INFO] Saved sampled RDF data to dataset\rdf_rho_0.3_T_1.0.dat
2024-12-24 17:43:46 [INFO] Saved average RDF data to dataset\avg_rdf_rho_0.3_T_2.2.dat
2024-12-24 17:43:46 [INFO] Saved sampled RDF data to dataset\rdf_rho_0.3_T_2.2.dat
2024-12-24 17:43:53 [INFO] Saved average RDF data to dataset\avg_rdf_rho_0.3_T_2.4.dat
2024-12-24 17:43:53 [INFO] Saved sampled RDF data to dataset\rdf_rho_0.3_T_2.4.dat
2024-12-24 17:44:00 [INFO] Saved average RDF data to dataset\avg_rdf_rho_0.3_T_2.6.dat
2024-12-24 17:44:00 [INFO] Saved sampled RDF data to dataset\rdf_rho_0.3_T_2.6.dat
2024-12-24 17:44:07 [INFO] Saved average RDF data to dataset\avg_rdf_rho_0.3_T_2.8.dat
2024-12-24 17:44:07 [INFO] Saved sampled RDF data to dataset\rdf_rho_0.3_T_2.8.dat
2024-12-24 17:44:14 [INFO] Saved average RDF data to dataset\avg_rdf_rho_0.3_T_3.0.dat
2024-12-24 17:44:14 [INFO] Saved sampled RDF data to dataset\rdf_rho_0.3_T_3.0.dat
2024-12-24 17:44:21 [INFO] Saved average RDF data to dataset\avg_rdf_rho_0.3_T_4.0.dat
2024-12-24 17:44:21 [INFO] Saved sampled RDF data to dataset\rdf_rho_0.3_T_4.0.dat
2024-12-24 17:44:28 [INFO] Saved average RDF data to dataset\avg_rdf_rho_0.3_T_5.0.dat
2024-12-24 17:44:28 [INFO] Saved sampled RDF data to dataset\rdf_rho_0.3_T_5.0.dat
2024-12-24 17:44:35 [INFO] Saved average RDF data to dataset\avg_rdf_rho_0.3_T_8.0.dat
2024-12-24 17:44:35 [INFO] Saved sampled RDF data to dataset\rdf_rho_0.3_T_8.0.dat
2024-12-24 17:44:42 [INFO] Saved average RDF data to dataset\avg_rdf_rho_0.4_T_1.0.dat
2024-12-24 17:44:42 [INFO] Saved sampled RDF data to dataset\rdf_rho_0.4_T_1.0.dat
2024-12-24 17:44:49 [INFO] Saved average RDF data to dataset\avg_rdf_rho_0.4_T_2.2.dat
2024-12-24 17:44:49 [INFO] Saved sampled RDF data to dataset\rdf_rho_0.4_T_2.2.dat
2024-12-24 17:44:56 [INFO] Saved average RDF data to dataset\avg_rdf_rho_0.4_T_2.4.dat
2024-12-24 17:44:56 [INFO] Saved sampled RDF data to dataset\rdf_rho_0.4_T_2.4.dat
2024-12-24 17:45:03 [INFO] Saved average RDF data to dataset\avg_rdf_rho_0.4_T_2.6.dat
2024-12-24 17:45:03 [INFO] Saved sampled RDF data to dataset\rdf_rho_0.4_T_2.6.dat
2024-12-24 17:45:10 [INFO] Saved average RDF data to dataset\avg_rdf_rho_0.4_T_2.8.dat
2024-12-24 17:45:10 [INFO] Saved sampled RDF data to dataset\rdf_rho_0.4_T_2.8.dat
2024-12-24 17:45:17 [INFO] Saved average RDF data to dataset\avg_rdf_rho_0.4_T_3.0.dat
2024-12-24 17:45:17 [INFO] Saved sampled RDF data to dataset\rdf_rho_0.4_T_3.0.dat
2024-12-24 17:45:24 [INFO] Saved average RDF data to dataset\avg_rdf_rho_0.4_T_4.0.dat
2024-12-24 17:45:24 [INFO] Saved sampled RDF data to dataset\rdf_rho_0.4_T_4.0.dat
2024-12-24 17:45:31 [INFO] Saved average RDF data to dataset\avg_rdf_rho_0.4_T_5.0.dat
2024-12-24 17:45:31 [INFO] Saved sampled RDF data to dataset\rdf_rho_0.4_T_5.0.dat
2024-12-24 17:45:38 [INFO] Saved average RDF data to dataset\avg_rdf_rho_0.4_T_8.0.dat
2024-12-24 17:45:38 [INFO] Saved sampled RDF data to dataset\rdf_rho_0.4_T_8.0.dat
2024-12-24 17:45:45 [INFO] Saved average RDF data to dataset\avg_rdf_rho_0.5_T_1.0.dat
2024-12-24 17:45:45 [INFO] Saved sampled RDF data to dataset\rdf_rho_0.5_T_1.0.dat
2024-12-24 17:45:52 [INFO] Saved average RDF data to dataset\avg_rdf_rho_0.5_T_2.2.dat
2024-12-24 17:45:52 [INFO] Saved sampled RDF data to dataset\rdf_rho_0.5_T_2.2.dat
2024-12-24 17:46:00 [INFO] Saved average RDF data to dataset\avg_rdf_rho_0.5_T_2.4.dat
2024-12-24 17:46:00 [INFO] Saved sampled RDF data to dataset\rdf_rho_0.5_T_2.4.dat
2024-12-24 17:46:07 [INFO] Saved average RDF data to dataset\avg_rdf_rho_0.5_T_2.6.dat
2024-12-24 17:46:07 [INFO] Saved sampled RDF data to dataset\rdf_rho_0.5_T_2.6.dat
2024-12-24 17:46:15 [INFO] Saved average RDF data to dataset\avg_rdf_rho_0.5_T_2.8.dat
2024-12-24 17:46:15 [INFO] Saved sampled RDF data to dataset\rdf_rho_0.5_T_2.8.dat
2024-12-24 17:46:22 [INFO] Saved average RDF data to dataset\avg_rdf_rho_0.5_T_3.0.dat
2024-12-24 17:46:22 [INFO] Saved sampled RDF data to dataset\rdf_rho_0.5_T_3.0.dat
2024-12-24 17:46:29 [INFO] Saved average RDF data to dataset\avg_rdf_rho_0.5_T_4.0.dat
2024-12-24 17:46:29 [INFO] Saved sampled RDF data to dataset\rdf_rho_0.5_T_4.0.dat
2024-12-24 17:46:36 [INFO] Saved average RDF data to dataset\avg_rdf_rho_0.5_T_5.0.dat
2024-12-24 17:46:36 [INFO] Saved sampled RDF data to dataset\rdf_rho_0.5_T_5.0.dat
2024-12-24 17:46:43 [INFO] Saved average RDF data to dataset\avg_rdf_rho_0.5_T_8.0.dat
2024-12-24 17:46:43 [INFO] Saved sampled RDF data to dataset\rdf_rho_0.5_T_8.0.dat
2024-12-24 17:46:50 [INFO] Saved average RDF data to dataset\avg_rdf_rho_0.6_T_1.0.dat
2024-12-24 17:46:50 [INFO] Saved sampled RDF data to dataset\rdf_rho_0.6_T_1.0.dat
2024-12-24 17:46:57 [INFO] Saved average RDF data to dataset\avg_rdf_rho_0.6_T_2.2.dat
2024-12-24 17:46:57 [INFO] Saved sampled RDF data to dataset\rdf_rho_0.6_T_2.2.dat
2024-12-24 17:47:04 [INFO] Saved average RDF data to dataset\avg_rdf_rho_0.6_T_2.4.dat
2024-12-24 17:47:04 [INFO] Saved sampled RDF data to dataset\rdf_rho_0.6_T_2.4.dat
2024-12-24 17:47:11 [INFO] Saved average RDF data to dataset\avg_rdf_rho_0.6_T_2.6.dat
2024-12-24 17:47:11 [INFO] Saved sampled RDF data to dataset\rdf_rho_0.6_T_2.6.dat
2024-12-24 17:47:18 [INFO] Saved average RDF data to dataset\avg_rdf_rho_0.6_T_2.8.dat
2024-12-24 17:47:18 [INFO] Saved sampled RDF data to dataset\rdf_rho_0.6_T_2.8.dat
2024-12-24 17:47:25 [INFO] Saved average RDF data to dataset\avg_rdf_rho_0.6_T_3.0.dat
2024-12-24 17:47:25 [INFO] Saved sampled RDF data to dataset\rdf_rho_0.6_T_3.0.dat
2024-12-24 17:47:32 [INFO] Saved average RDF data to dataset\avg_rdf_rho_0.6_T_4.0.dat
2024-12-24 17:47:32 [INFO] Saved sampled RDF data to dataset\rdf_rho_0.6_T_4.0.dat
2024-12-24 17:47:39 [INFO] Saved average RDF data to dataset\avg_rdf_rho_0.6_T_5.0.dat
2024-12-24 17:47:39 [INFO] Saved sampled RDF data to dataset\rdf_rho_0.6_T_5.0.dat
2024-12-24 17:47:46 [INFO] Saved average RDF data to dataset\avg_rdf_rho_0.6_T_8.0.dat
2024-12-24 17:47:46 [INFO] Saved sampled RDF data to dataset\rdf_rho_0.6_T_8.0.dat
2024-12-24 17:47:53 [INFO] Saved average RDF data to dataset\avg_rdf_rho_0.7_T_1.0.dat
2024-12-24 17:47:53 [INFO] Saved sampled RDF data to dataset\rdf_rho_0.7_T_1.0.dat
2024-12-24 17:48:00 [INFO] Saved average RDF data to dataset\avg_rdf_rho_0.7_T_2.2.dat
2024-12-24 17:48:00 [INFO] Saved sampled RDF data to dataset\rdf_rho_0.7_T_2.2.dat
2024-12-24 17:48:07 [INFO] Saved average RDF data to dataset\avg_rdf_rho_0.7_T_2.4.dat
2024-12-24 17:48:07 [INFO] Saved sampled RDF data to dataset\rdf_rho_0.7_T_2.4.dat
2024-12-24 17:48:14 [INFO] Saved average RDF data to dataset\avg_rdf_rho_0.7_T_2.6.dat
2024-12-24 17:48:14 [INFO] Saved sampled RDF data to dataset\rdf_rho_0.7_T_2.6.dat
2024-12-24 17:48:21 [INFO] Saved average RDF data to dataset\avg_rdf_rho_0.7_T_2.8.dat
2024-12-24 17:48:21 [INFO] Saved sampled RDF data to dataset\rdf_rho_0.7_T_2.8.dat
2024-12-24 17:48:28 [INFO] Saved average RDF data to dataset\avg_rdf_rho_0.7_T_3.0.dat
2024-12-24 17:48:28 [INFO] Saved sampled RDF data to dataset\rdf_rho_0.7_T_3.0.dat
2024-12-24 17:48:35 [INFO] Saved average RDF data to dataset\avg_rdf_rho_0.7_T_4.0.dat
2024-12-24 17:48:35 [INFO] Saved sampled RDF data to dataset\rdf_rho_0.7_T_4.0.dat
2024-12-24 17:48:42 [INFO] Saved average RDF data to dataset\avg_rdf_rho_0.7_T_5.0.dat
2024-12-24 17:48:42 [INFO] Saved sampled RDF data to dataset\rdf_rho_0.7_T_5.0.dat
2024-12-24 17:48:49 [INFO] Saved average RDF data to dataset\avg_rdf_rho_0.7_T_8.0.dat
2024-12-24 17:48:50 [INFO] Saved sampled RDF data to dataset\rdf_rho_0.7_T_8.0.dat
2024-12-24 17:48:57 [INFO] Saved average RDF data to dataset\avg_rdf_rho_0.8_T_1.0.dat
2024-12-24 17:48:57 [INFO] Saved sampled RDF data to dataset\rdf_rho_0.8_T_1.0.dat
2024-12-24 17:49:04 [INFO] Saved average RDF data to dataset\avg_rdf_rho_0.8_T_2.2.dat
2024-12-24 17:49:04 [INFO] Saved sampled RDF data to dataset\rdf_rho_0.8_T_2.2.dat
2024-12-24 17:49:11 [INFO] Saved average RDF data to dataset\avg_rdf_rho_0.8_T_2.4.dat
2024-12-24 17:49:11 [INFO] Saved sampled RDF data to dataset\rdf_rho_0.8_T_2.4.dat
2024-12-24 17:49:18 [INFO] Saved average RDF data to dataset\avg_rdf_rho_0.8_T_2.6.dat
2024-12-24 17:49:18 [INFO] Saved sampled RDF data to dataset\rdf_rho_0.8_T_2.6.dat
2024-12-24 17:49:25 [INFO] Saved average RDF data to dataset\avg_rdf_rho_0.8_T_2.8.dat
2024-12-24 17:49:25 [INFO] Saved sampled RDF data to dataset\rdf_rho_0.8_T_2.8.dat
2024-12-24 17:49:32 [INFO] Saved average RDF data to dataset\avg_rdf_rho_0.8_T_3.0.dat
2024-12-24 17:49:32 [INFO] Saved sampled RDF data to dataset\rdf_rho_0.8_T_3.0.dat
2024-12-24 17:49:39 [INFO] Saved average RDF data to dataset\avg_rdf_rho_0.8_T_4.0.dat
2024-12-24 17:49:39 [INFO] Saved sampled RDF data to dataset\rdf_rho_0.8_T_4.0.dat
2024-12-24 17:49:46 [INFO] Saved average RDF data to dataset\avg_rdf_rho_0.8_T_5.0.dat
2024-12-24 17:49:46 [INFO] Saved sampled RDF data to dataset\rdf_rho_0.8_T_5.0.dat
2024-12-24 17:49:52 [INFO] Saved average RDF data to dataset\avg_rdf_rho_0.8_T_8.0.dat
2024-12-24 17:49:53 [INFO] Saved sampled RDF data to dataset\rdf_rho_0.8_T_8.0.dat
2024-12-24 17:49:59 [INFO] Saved average RDF data to dataset\avg_rdf_rho_0.9_T_1.0.dat
2024-12-24 17:49:59 [INFO] Saved sampled RDF data to dataset\rdf_rho_0.9_T_1.0.dat
2024-12-24 17:50:06 [INFO] Saved average RDF data to dataset\avg_rdf_rho_0.9_T_2.2.dat
2024-12-24 17:50:06 [INFO] Saved sampled RDF data to dataset\rdf_rho_0.9_T_2.2.dat
2024-12-24 17:50:13 [INFO] Saved average RDF data to dataset\avg_rdf_rho_0.9_T_2.4.dat
2024-12-24 17:50:13 [INFO] Saved sampled RDF data to dataset\rdf_rho_0.9_T_2.4.dat
2024-12-24 17:50:20 [INFO] Saved average RDF data to dataset\avg_rdf_rho_0.9_T_2.6.dat
2024-12-24 17:50:21 [INFO] Saved sampled RDF data to dataset\rdf_rho_0.9_T_2.6.dat
2024-12-24 17:50:27 [INFO] Saved average RDF data to dataset\avg_rdf_rho_0.9_T_2.8.dat
2024-12-24 17:50:27 [INFO] Saved sampled RDF data to dataset\rdf_rho_0.9_T_2.8.dat
2024-12-24 17:50:34 [INFO] Saved average RDF data to dataset\avg_rdf_rho_0.9_T_3.0.dat
2024-12-24 17:50:34 [INFO] Saved sampled RDF data to dataset\rdf_rho_0.9_T_3.0.dat
2024-12-24 17:50:41 [INFO] Saved average RDF data to dataset\avg_rdf_rho_0.9_T_4.0.dat
2024-12-24 17:50:41 [INFO] Saved sampled RDF data to dataset\rdf_rho_0.9_T_4.0.dat
2024-12-24 17:50:48 [INFO] Saved average RDF data to dataset\avg_rdf_rho_0.9_T_5.0.dat
2024-12-24 17:50:48 [INFO] Saved sampled RDF data to dataset\rdf_rho_0.9_T_5.0.dat
2024-12-24 17:50:55 [INFO] Saved average RDF data to dataset\avg_rdf_rho_0.9_T_8.0.dat
2024-12-24 17:50:55 [INFO] Saved sampled RDF data to dataset\rdf_rho_0.9_T_8.0.dat
2024-12-24 17:50:56 [INFO] Deleted RDF data directory rdfData.
2024-12-24 17:50:56 [INFO] Data processing complete.
